* using log directory ‘/Users/b780620/Desktop/devel/gbm/revdep/checks.noindex/mlr/old/mlr.Rcheck’
* using R version 4.0.0 (2020-04-24)
* using platform: x86_64-apple-darwin17.0 (64-bit)
* using session charset: UTF-8
* using options ‘--no-manual --no-build-vignettes’
* checking for file ‘mlr/DESCRIPTION’ ... OK
* this is package ‘mlr’ version ‘2.17.1’
* package encoding: UTF-8
* checking package namespace information ... OK
* checking package dependencies ... OK
* checking if this is a source package ... OK
* checking if there is a namespace ... OK
* checking for executable files ... OK
* checking for hidden files and directories ... OK
* checking for portable file names ... OK
* checking for sufficient/correct file permissions ... OK
* checking whether package ‘mlr’ can be installed ... OK
* checking installed package size ... NOTE
  installed size is  5.6Mb
  sub-directories of 1Mb or more:
    R      2.0Mb
    data   2.3Mb
* checking package directory ... OK
* checking ‘build’ directory ... OK
* checking DESCRIPTION meta-information ... OK
* checking top-level files ... OK
* checking for left-over files ... OK
* checking index information ... OK
* checking package subdirectories ... OK
* checking R files for non-ASCII characters ... OK
* checking R files for syntax errors ... OK
* checking whether the package can be loaded ... OK
* checking whether the package can be loaded with stated dependencies ... OK
* checking whether the package can be unloaded cleanly ... OK
* checking whether the namespace can be loaded with stated dependencies ... OK
* checking whether the namespace can be unloaded cleanly ... OK
* checking dependencies in R code ... OK
* checking S3 generic/method consistency ... OK
* checking replacement functions ... OK
* checking foreign function calls ... OK
* checking R code for possible problems ... OK
* checking Rd files ... OK
* checking Rd metadata ... OK
* checking Rd cross-references ... OK
* checking for missing documentation entries ... OK
* checking for code/documentation mismatches ... OK
* checking Rd \usage sections ... OK
* checking Rd contents ... OK
* checking for unstated dependencies in examples ... OK
* checking contents of ‘data’ directory ... OK
* checking data for non-ASCII characters ... OK
* checking data for ASCII and uncompressed saves ... OK
* checking line endings in C/C++/Fortran sources/headers ... OK
* checking use of PKG_*FLAGS in Makefiles ... OK
* checking compiled code ... OK
* checking installed files from ‘inst/doc’ ... OK
* checking files in ‘vignettes’ ... OK
* checking examples ... OK
* checking for unstated dependencies in ‘tests’ ... OK
* checking tests ... OK
  Running ‘run-base.R’
  Running ‘run-classif1.R’
  Running ‘run-classif2.R’
  Running ‘run-cluster.R’
  Running ‘run-featsel.R’
  Running ‘run-learners-classif.R’
  Running ‘run-learners-classiflabelswitch.R’
  Running ‘run-learners-cluster.R’
  Running ‘run-learners-general.R’
  Running ‘run-learners-multilabel.R’
  Running ‘run-learners-regr.R’
  Running ‘run-learners-surv.R’
  Running ‘run-lint.R’
  Running ‘run-multilabel.R’
  Running ‘run-parallel.R’
  Running ‘run-regr.R’
  Running ‘run-stack.R’
  Running ‘run-surv.R’
  Running ‘run-tune.R’
* checking for unstated dependencies in vignettes ... OK
* checking package vignettes in ‘inst/doc’ ... OK
* checking running R code from vignettes ... NONE
  ‘mlr.Rmd’ using ‘UTF-8’... OK
* checking re-building of vignette outputs ... SKIPPED
* DONE
Status: 1 NOTE
