* installing *source* package ‘mlr’ ...
** package ‘mlr’ successfully unpacked and MD5 sums checked
** using staged installation
** libs
gcc-9 -I"/Library/Frameworks/R.framework/Resources/include" -DNDEBUG   -I/usr/local/include   -fPIC  -mtune=native -g -O2 -Wall -pedantic -Wconversion -c init.c -o init.o
gcc-9 -I"/Library/Frameworks/R.framework/Resources/include" -DNDEBUG   -I/usr/local/include   -fPIC  -mtune=native -g -O2 -Wall -pedantic -Wconversion -c smote.c -o smote.o
In file included from smote.c:2:
smote.c: In function 'c_smote':
/Library/Frameworks/R.framework/Resources/include/Rmath.h:340:16: warning: conversion from 'double' to 'unsigned int' may change value [-Wfloat-conversion]
  340 | #define runif  Rf_runif
      |                ^~~~~~~~
smote.c:17:13: note: in expansion of macro 'runif'
   17 |     j_sel = runif(0, nrow_x);
      |             ^~~~~
/Library/Frameworks/R.framework/Resources/include/Rmath.h:340:16: warning: conversion from 'double' to 'unsigned int' may change value [-Wfloat-conversion]
  340 | #define runif  Rf_runif
      |                ^~~~~~~~
smote.c:18:12: note: in expansion of macro 'runif'
   18 |     j_nn = runif(0, ncol_nn);
      |            ^~~~~
smote.c:22:28: warning: conversion to 'unsigned int' from 'R_len_t' {aka 'const int'} may change the sign of the result [-Wsign-conversion]
   22 |     j_nn = nn[j_sel + j_nn * nrow_nn] - 1;
      |                            ^
smote.c:22:12: warning: conversion to 'unsigned int' from 'int' may change the sign of the result [-Wsign-conversion]
   22 |     j_nn = nn[j_sel + j_nn * nrow_nn] - 1;
      |            ^~
smote.c:27:52: warning: conversion to 'unsigned int' from 'int' may change the sign of the result [-Wsign-conversion]
   27 |         res[i + col * nrow_res] = lambda * x[j_sel + col * nrow_x] +  (1 - lambda) * x[j_nn + col * nrow_x];
      |                                                    ^
smote.c:27:93: warning: conversion to 'unsigned int' from 'int' may change the sign of the result [-Wsign-conversion]
   27 |         res[i + col * nrow_res] = lambda * x[j_sel + col * nrow_x] +  (1 - lambda) * x[j_nn + col * nrow_x];
      |                                                                                             ^
smote.c:31:25: warning: conversion to 'unsigned int' from 'int' may change the sign of the result [-Wsign-conversion]
   31 |           lev = x[j_sel + col * nrow_x];
      |                         ^
smote.c:31:17: warning: conversion from 'double' to 'unsigned int' may change value [-Wfloat-conversion]
   31 |           lev = x[j_sel + col * nrow_x];
      |                 ^
smote.c:33:24: warning: conversion to 'unsigned int' from 'int' may change the sign of the result [-Wsign-conversion]
   33 |           lev = x[j_nn + col * nrow_x];
      |                        ^
smote.c:33:17: warning: conversion from 'double' to 'unsigned int' may change value [-Wfloat-conversion]
   33 |           lev = x[j_nn + col * nrow_x];
      |                 ^
gcc-9 -dynamiclib -Wl,-headerpad_max_install_names -undefined dynamic_lookup -single_module -multiply_defined suppress -L/Library/Frameworks/R.framework/Resources/lib -L/usr/local/lib -o mlr.so init.o smote.o -F/Library/Frameworks/R.framework/.. -framework R -Wl,-framework -Wl,CoreFoundation
installing to /Users/b780620/Desktop/devel/gbm/revdep/checks.noindex/mlr/old/mlr.Rcheck/00LOCK-mlr/00new/mlr/libs
** R
** data
*** moving datasets to lazyload DB
** inst
** byte-compile and prepare package for lazy loading
** help
*** installing help indices
** building package indices
** installing vignettes
** testing if installed package can be loaded from temporary location
** checking absolute paths in shared objects and dynamic libraries
** testing if installed package can be loaded from final location
** testing if installed package keeps a record of temporary installation path
* DONE (mlr)
