* using log directory ‘/Users/b780620/Desktop/devel/gbm/revdep/checks.noindex/BigTSP/new/BigTSP.Rcheck’
* using R version 3.5.1 (2018-07-02)
* using platform: x86_64-apple-darwin15.6.0 (64-bit)
* using session charset: UTF-8
* checking for file ‘BigTSP/DESCRIPTION’ ... OK
* checking extension type ... Package
* this is package ‘BigTSP’ version ‘1.0’
* checking package namespace information ... OK
* checking package dependencies ... OK
* checking if this is a source package ... OK
* checking if there is a namespace ... OK
* checking for executable files ... OK
* checking for hidden files and directories ... OK
* checking for portable file names ... OK
* checking for sufficient/correct file permissions ... OK
* checking whether package ‘BigTSP’ can be installed ... OK
* checking installed package size ... OK
* checking package directory ... OK
* checking DESCRIPTION meta-information ... OK
* checking top-level files ... OK
* checking for left-over files ... OK
* checking index information ... OK
* checking package subdirectories ... OK
* checking R files for non-ASCII characters ... OK
* checking R files for syntax errors ... OK
* checking whether the package can be loaded ... OK
* checking whether the package can be loaded with stated dependencies ... OK
* checking whether the package can be unloaded cleanly ... OK
* checking whether the namespace can be loaded with stated dependencies ... OK
* checking whether the namespace can be unloaded cleanly ... OK
* checking loading without being on the library search path ... OK
* checking dependencies in R code ... NOTE
Packages in Depends field not imported from:
  ‘gbm’ ‘glmnet’ ‘randomForest’ ‘tree’
  These packages need to be imported from (in the NAMESPACE file)
  for when this namespace is loaded but not attached.
* checking S3 generic/method consistency ... OK
* checking replacement functions ... OK
* checking foreign function calls ... OK
* checking R code for possible problems ... NOTE
LDCAEst: no visible global function definition for ‘glmnet’
cv.LDCA: no visible global function definition for ‘cv.glmnet’
predict.LDCA: no visible global function definition for ‘predict’
predict.cv.LDCA: no visible global function definition for ‘predict’
predict.tsp.gbm: no visible global function definition for ‘predict’
predict.tsp.randomForest: no visible global function definition for
  ‘predict’
predict.tsp.tree: no visible global function definition for ‘predict’
tsp.gbm: no visible global function definition for ‘gbm.fit’
tsp.randomForest: no visible global function definition for
  ‘randomForest’
tsp.tree: no visible global function definition for ‘tree.control’
tsp.tree: no visible global function definition for ‘tree’
Undefined global functions or variables:
  cv.glmnet gbm.fit glmnet predict randomForest tree tree.control
Consider adding
  importFrom("stats", "predict")
to your NAMESPACE file.
* checking Rd files ... OK
* checking Rd metadata ... OK
* checking Rd cross-references ... OK
* checking for missing documentation entries ... OK
* checking for code/documentation mismatches ... OK
* checking Rd \usage sections ... OK
* checking Rd contents ... OK
* checking for unstated dependencies in examples ... OK
* checking examples ... OK
* checking PDF version of manual ... OK
* DONE
Status: 2 NOTEs
