Hmm ... looks like a package

This is pdfTeX, Version 3.14159265-2.6-1.40.19 (TeX Live 2018) (preloaded format=pdflatex)
 restricted \write18 enabled.
entering extended mode
LaTeX2e <2018-04-01> patch level 2
Babel <3.18> and hyphenation patterns for 84 language(s) loaded.
(./Rd2.tex
(/usr/local/texlive/2018/texmf-dist/tex/latex/base/book.cls
Document Class: book 2014/09/29 v1.4h Standard LaTeX document class
(/usr/local/texlive/2018/texmf-dist/tex/latex/base/bk10.clo))
(/Library/Frameworks/R.framework/Resources/share/texmf/tex/latex/Rd.sty
(/usr/local/texlive/2018/texmf-dist/tex/latex/base/ifthen.sty)
(/usr/local/texlive/2018/texmf-dist/tex/latex/tools/longtable.sty)
(/usr/local/texlive/2018/texmf-dist/tex/latex/tools/bm.sty)
(/usr/local/texlive/2018/texmf-dist/tex/latex/base/alltt.sty)
(/usr/local/texlive/2018/texmf-dist/tex/latex/tools/verbatim.sty)
(/usr/local/texlive/2018/texmf-dist/tex/latex/url/url.sty)
(/usr/local/texlive/2018/texmf-dist/tex/latex/base/textcomp.sty
(/usr/local/texlive/2018/texmf-dist/tex/latex/base/ts1enc.def
(/usr/local/texlive/2018/texmf-dist/tex/latex/base/ts1enc.dfu)))
(/usr/local/texlive/2018/texmf-dist/tex/latex/base/fontenc.sty
(/usr/local/texlive/2018/texmf-dist/tex/latex/base/t1enc.def))
(/usr/local/texlive/2018/texmf-dist/tex/latex/psnfss/times.sty)
(/usr/local/texlive/2018/texmf-dist/tex/latex/inconsolata/zi4.sty
`inconsolata-zi4' v1.112, 2017/01/04 Text macros for Inconsolata (msharpe)
(/usr/local/texlive/2018/texmf-dist/tex/latex/xkeyval/xkeyval.sty
(/usr/local/texlive/2018/texmf-dist/tex/generic/xkeyval/xkeyval.tex
(/usr/local/texlive/2018/texmf-dist/tex/generic/xkeyval/xkvutils.tex
(/usr/local/texlive/2018/texmf-dist/tex/generic/xkeyval/keyval.tex)))))
(/usr/local/texlive/2018/texmf-dist/tex/latex/graphics/color.sty
(/usr/local/texlive/2018/texmf-dist/tex/latex/graphics-cfg/color.cfg)
(/usr/local/texlive/2018/texmf-dist/tex/latex/graphics-def/pdftex.def))
(/usr/local/texlive/2018/texmf-dist/tex/latex/hyperref/hyperref.sty
(/usr/local/texlive/2018/texmf-dist/tex/generic/oberdiek/hobsub-hyperref.sty
(/usr/local/texlive/2018/texmf-dist/tex/generic/oberdiek/hobsub-generic.sty))
(/usr/local/texlive/2018/texmf-dist/tex/generic/ifxetex/ifxetex.sty)
(/usr/local/texlive/2018/texmf-dist/tex/latex/oberdiek/auxhook.sty)
(/usr/local/texlive/2018/texmf-dist/tex/latex/oberdiek/kvoptions.sty)
(/usr/local/texlive/2018/texmf-dist/tex/latex/hyperref/pd1enc.def)
(/usr/local/texlive/2018/texmf-dist/tex/latex/latexconfig/hyperref.cfg))
(/usr/local/texlive/2018/texmf-dist/tex/latex/hyperref/hpdftex.def
(/usr/local/texlive/2018/texmf-dist/tex/latex/oberdiek/rerunfilecheck.sty))

Package hyperref Warning: Option `hyperindex' has already been used,
(hyperref)                setting the option has no effect on input line 366.


Package hyperref Warning: Option `pagebackref' has already been used,
(hyperref)                setting the option has no effect on input line 366.

) (/usr/local/texlive/2018/texmf-dist/tex/latex/base/makeidx.sty)
(/usr/local/texlive/2018/texmf-dist/tex/latex/base/inputenc.sty
(/usr/local/texlive/2018/texmf-dist/tex/latex/base/latin1.def))
Writing index file Rd2.idx
No file Rd2.aux.
(/usr/local/texlive/2018/texmf-dist/tex/latex/base/ts1cmr.fd)
(/usr/local/texlive/2018/texmf-dist/tex/latex/psnfss/t1ptm.fd)
(/usr/local/texlive/2018/texmf-dist/tex/context/base/mkii/supp-pdf.mkii
[Loading MPS to PDF converter (version 2006.09.02).]
) (/usr/local/texlive/2018/texmf-dist/tex/latex/hyperref/nameref.sty
(/usr/local/texlive/2018/texmf-dist/tex/generic/oberdiek/gettitlestring.sty))
(/usr/local/texlive/2018/texmf-dist/tex/latex/inconsolata/t1zi4.fd)
(/usr/local/texlive/2018/texmf-dist/tex/latex/psnfss/t1phv.fd)
(/usr/local/texlive/2018/texmf-dist/tex/latex/base/utf8.def)
Underfull \vbox (badness 10000) has occurred while \output is active [1{/usr/lo
cal/texlive/2018/texmf-var/fonts/map/pdftex/updmap/pdftex.map}] [2]
Overfull \hbox (0.54762pt too wide) in paragraph at lines 168--169
[]\T1/ptm/m/n/10 Convergence thresh-old for co-or-di-nate de-scent. A pa-ram-e-
ter from "glm-net" pack-
[3]
Overfull \hbox (13.24744pt too wide) in paragraph at lines 190--193
[]\T1/ptm/m/n/10 Null de-viance (per ob-ser-va-tion). This is de-fined to be 2*
(log-like_sat -loglike(Null));
(/usr/local/texlive/2018/texmf-dist/tex/latex/inconsolata/ts1zi4.fd) [4]
Overfull \hbox (203.0597pt too wide) in paragraph at lines 286--286
 []\T1/zi4/m/n/10 predict(object, newx, s = NULL, type = c("link", "response", 
"coefficients", "nonzero", "class"), exact = FALSE, offset, ...)[] 
[5]
Overfull \hbox (5.16684pt too wide) in paragraph at lines 360--361
[]\T1/ptm/m/n/10 If sin-gle.tree=TRUE then pre-dict.tsp.gbm re-turns only the p
re-dic-tions from tree(s)
[6]
Overfull \hbox (224.71954pt too wide) in paragraph at lines 397--397
 []\T1/zi4/m/n/10 predict(object, newdata, type = "response", norm.votes = TRUE
, predict.all = FALSE, proximity = FALSE, nodes = FALSE, cutoff, ...)[] 
[7]
Overfull \hbox (124.72977pt too wide) in paragraph at lines 463--463
 []\T1/zi4/m/n/10 predict(object, newdata, type = c("vector", "tree", "class", 
"where"), split = FALSE, nwts, eps = 0.001, ...)[] 
[8] [9]
Overfull \hbox (797.9779pt too wide) in paragraph at lines 599--599
 []\T1/zi4/m/n/10 tsp.gbm(x, y, offset = NULL, misc = NULL, distribution = "ber
noulli", w = NULL, var.monotone = NULL, n.trees = 100, interaction.depth = 1, n
.minobsinnode = 10, shrinkage = 0.001, bag.fraction = 0.5, train.fraction = 1, 
keep.data = TRUE, verbose = TRUE)[] 
[10]
Overfull \hbox (2304.49463pt too wide) in paragraph at lines 689--689
 []\T1/zi4/m/n/10 tsp.randomForest(x, y = NULL, xtest = NULL, ytest = NULL, ntr
ee = 500, type = "classification", mtry = if (!is.null(y) && !is.factor(y)) max
(floor(ncol(x)/3), 1) else floor(sqrt(ncol(x))), replace = TRUE, classwt = NULL
, cutoff, strata, sampsize = if (replace) nrow(x) else ceiling(0.632 * nrow(x))
, nodesize = if (!is.null(y) && !is.factor(y)) 5 else 1, maxnodes = NULL, impor
tance = FALSE, localImp = FALSE, nPerm = 1, proximity = FALSE, oob.prox = proxi
mity, norm.votes = TRUE, do.trace = FALSE, keep.forest = !is.null(y) && is.null
(xtest), keep.inbag = FALSE, ...)[] 

Overfull \hbox (9.2676pt too wide) in paragraph at lines 723--724
[]\T1/ptm/m/n/10 (Classification only) A vec-tor of length equal to num-ber of 
classes. The \TS1/zi4/m/n/10 '\T1/zi4/m/n/10 winning\TS1/zi4/m/n/10 '
[11] [12]
Overfull \hbox (378.03925pt too wide) in paragraph at lines 863--863
 []\T1/zi4/m/n/10 tsp.tree(X, response, control = tree.control(dim(X)[1], ...),
 method = "recursive.partition", split = c("deviance", "gini"), x = FALSE, y = 
TRUE, wts = TRUE, ...)[] 
[13]
Overfull \hbox (32.20822pt too wide) in paragraph at lines 880--881
[]\T1/ptm/m/n/10 character string giv-ing the method to use. The only other use
-ful value is \T1/zi4/m/n/10 "model.frame"\T1/ptm/m/n/10 . 
[14]
No file Rd2.ind.
[15] (./Rd2.aux)

Package rerunfilecheck Warning: File `Rd2.out' has changed.
(rerunfilecheck)                Rerun to get outlines right
(rerunfilecheck)                or use package `bookmark'.

 )
(see the transcript file for additional information){/usr/local/texlive/2018/te
xmf-dist/fonts/enc/dvips/inconsolata/i4-ts1.enc}{/usr/local/texlive/2018/texmf-
dist/fonts/enc/dvips/base/8r.enc}{/usr/local/texlive/2018/texmf-dist/fonts/enc/
dvips/inconsolata/i4-t1-0.enc}</usr/local/texlive/2018/texmf-dist/fonts/type1/p
ublic/inconsolata/Inconsolata-zi4r.pfb></usr/local/texlive/2018/texmf-dist/font
s/type1/urw/helvetic/uhvr8a.pfb></usr/local/texlive/2018/texmf-dist/fonts/type1
/urw/times/utmb8a.pfb></usr/local/texlive/2018/texmf-dist/fonts/type1/urw/times
/utmr8a.pfb></usr/local/texlive/2018/texmf-dist/fonts/type1/urw/times/utmr8a.pf
b></usr/local/texlive/2018/texmf-dist/fonts/type1/urw/times/utmri8a.pfb>
Output written on Rd2.pdf (15 pages, 115201 bytes).
Transcript written on Rd2.log.
This is makeindex, version 2.15 [TeX Live 2018] (kpathsea + Thai support).
Scanning input file Rd2.idx....done (41 entries accepted, 0 rejected).
Sorting entries....done (232 comparisons).
Generating output file Rd2.ind....done (64 lines written, 0 warnings).
Output written in Rd2.ind.
Transcript written in Rd2.ilg.
This is pdfTeX, Version 3.14159265-2.6-1.40.19 (TeX Live 2018) (preloaded format=pdflatex)
 restricted \write18 enabled.
entering extended mode
LaTeX2e <2018-04-01> patch level 2
Babel <3.18> and hyphenation patterns for 84 language(s) loaded.
(./Rd2.tex
(/usr/local/texlive/2018/texmf-dist/tex/latex/base/book.cls
Document Class: book 2014/09/29 v1.4h Standard LaTeX document class
(/usr/local/texlive/2018/texmf-dist/tex/latex/base/bk10.clo))
(/Library/Frameworks/R.framework/Resources/share/texmf/tex/latex/Rd.sty
(/usr/local/texlive/2018/texmf-dist/tex/latex/base/ifthen.sty)
(/usr/local/texlive/2018/texmf-dist/tex/latex/tools/longtable.sty)
(/usr/local/texlive/2018/texmf-dist/tex/latex/tools/bm.sty)
(/usr/local/texlive/2018/texmf-dist/tex/latex/base/alltt.sty)
(/usr/local/texlive/2018/texmf-dist/tex/latex/tools/verbatim.sty)
(/usr/local/texlive/2018/texmf-dist/tex/latex/url/url.sty)
(/usr/local/texlive/2018/texmf-dist/tex/latex/base/textcomp.sty
(/usr/local/texlive/2018/texmf-dist/tex/latex/base/ts1enc.def
(/usr/local/texlive/2018/texmf-dist/tex/latex/base/ts1enc.dfu)))
(/usr/local/texlive/2018/texmf-dist/tex/latex/base/fontenc.sty
(/usr/local/texlive/2018/texmf-dist/tex/latex/base/t1enc.def))
(/usr/local/texlive/2018/texmf-dist/tex/latex/psnfss/times.sty)
(/usr/local/texlive/2018/texmf-dist/tex/latex/inconsolata/zi4.sty
`inconsolata-zi4' v1.112, 2017/01/04 Text macros for Inconsolata (msharpe)
(/usr/local/texlive/2018/texmf-dist/tex/latex/xkeyval/xkeyval.sty
(/usr/local/texlive/2018/texmf-dist/tex/generic/xkeyval/xkeyval.tex
(/usr/local/texlive/2018/texmf-dist/tex/generic/xkeyval/xkvutils.tex
(/usr/local/texlive/2018/texmf-dist/tex/generic/xkeyval/keyval.tex)))))
(/usr/local/texlive/2018/texmf-dist/tex/latex/graphics/color.sty
(/usr/local/texlive/2018/texmf-dist/tex/latex/graphics-cfg/color.cfg)
(/usr/local/texlive/2018/texmf-dist/tex/latex/graphics-def/pdftex.def))
(/usr/local/texlive/2018/texmf-dist/tex/latex/hyperref/hyperref.sty
(/usr/local/texlive/2018/texmf-dist/tex/generic/oberdiek/hobsub-hyperref.sty
(/usr/local/texlive/2018/texmf-dist/tex/generic/oberdiek/hobsub-generic.sty))
(/usr/local/texlive/2018/texmf-dist/tex/generic/ifxetex/ifxetex.sty)
(/usr/local/texlive/2018/texmf-dist/tex/latex/oberdiek/auxhook.sty)
(/usr/local/texlive/2018/texmf-dist/tex/latex/oberdiek/kvoptions.sty)
(/usr/local/texlive/2018/texmf-dist/tex/latex/hyperref/pd1enc.def)
(/usr/local/texlive/2018/texmf-dist/tex/latex/latexconfig/hyperref.cfg))
(/usr/local/texlive/2018/texmf-dist/tex/latex/hyperref/hpdftex.def
(/usr/local/texlive/2018/texmf-dist/tex/latex/oberdiek/rerunfilecheck.sty))

Package hyperref Warning: Option `hyperindex' has already been used,
(hyperref)                setting the option has no effect on input line 366.


Package hyperref Warning: Option `pagebackref' has already been used,
(hyperref)                setting the option has no effect on input line 366.

) (/usr/local/texlive/2018/texmf-dist/tex/latex/base/makeidx.sty)
(/usr/local/texlive/2018/texmf-dist/tex/latex/base/inputenc.sty
(/usr/local/texlive/2018/texmf-dist/tex/latex/base/latin1.def))
Writing index file Rd2.idx
(./Rd2.aux) (/usr/local/texlive/2018/texmf-dist/tex/latex/base/ts1cmr.fd)
(/usr/local/texlive/2018/texmf-dist/tex/latex/psnfss/t1ptm.fd)
(/usr/local/texlive/2018/texmf-dist/tex/context/base/mkii/supp-pdf.mkii
[Loading MPS to PDF converter (version 2006.09.02).]
) (/usr/local/texlive/2018/texmf-dist/tex/latex/hyperref/nameref.sty
(/usr/local/texlive/2018/texmf-dist/tex/generic/oberdiek/gettitlestring.sty))
(./Rd2.out) (./Rd2.out)
(/usr/local/texlive/2018/texmf-dist/tex/latex/inconsolata/t1zi4.fd)
(/usr/local/texlive/2018/texmf-dist/tex/latex/psnfss/t1phv.fd) (./Rd2.toc)
(/usr/local/texlive/2018/texmf-dist/tex/latex/base/utf8.def) [1{/usr/local/texl
ive/2018/texmf-var/fonts/map/pdftex/updmap/pdftex.map}] [2] [3]
Overfull \hbox (0.54762pt too wide) in paragraph at lines 168--169
[]\T1/ptm/m/n/10 Convergence thresh-old for co-or-di-nate de-scent. A pa-ram-e-
ter from "glm-net" pack-

Overfull \hbox (13.24744pt too wide) in paragraph at lines 190--193
[]\T1/ptm/m/n/10 Null de-viance (per ob-ser-va-tion). This is de-fined to be 2*
(log-like_sat -loglike(Null));
[4] (/usr/local/texlive/2018/texmf-dist/tex/latex/inconsolata/ts1zi4.fd)
[5]
Overfull \hbox (203.0597pt too wide) in paragraph at lines 286--286
 []\T1/zi4/m/n/10 predict(object, newx, s = NULL, type = c("link", "response", 
"coefficients", "nonzero", "class"), exact = FALSE, offset, ...)[] 
[6]
Overfull \hbox (5.16684pt too wide) in paragraph at lines 360--361
[]\T1/ptm/m/n/10 If sin-gle.tree=TRUE then pre-dict.tsp.gbm re-turns only the p
re-dic-tions from tree(s)

Overfull \hbox (224.71954pt too wide) in paragraph at lines 397--397
 []\T1/zi4/m/n/10 predict(object, newdata, type = "response", norm.votes = TRUE
, predict.all = FALSE, proximity = FALSE, nodes = FALSE, cutoff, ...)[] 
[7] [8]
Overfull \hbox (124.72977pt too wide) in paragraph at lines 463--463
 []\T1/zi4/m/n/10 predict(object, newdata, type = c("vector", "tree", "class", 
"where"), split = FALSE, nwts, eps = 0.001, ...)[] 
[9] [10]
Overfull \hbox (797.9779pt too wide) in paragraph at lines 599--599
 []\T1/zi4/m/n/10 tsp.gbm(x, y, offset = NULL, misc = NULL, distribution = "ber
noulli", w = NULL, var.monotone = NULL, n.trees = 100, interaction.depth = 1, n
.minobsinnode = 10, shrinkage = 0.001, bag.fraction = 0.5, train.fraction = 1, 
keep.data = TRUE, verbose = TRUE)[] 
[11]
Overfull \hbox (2304.49463pt too wide) in paragraph at lines 689--689
 []\T1/zi4/m/n/10 tsp.randomForest(x, y = NULL, xtest = NULL, ytest = NULL, ntr
ee = 500, type = "classification", mtry = if (!is.null(y) && !is.factor(y)) max
(floor(ncol(x)/3), 1) else floor(sqrt(ncol(x))), replace = TRUE, classwt = NULL
, cutoff, strata, sampsize = if (replace) nrow(x) else ceiling(0.632 * nrow(x))
, nodesize = if (!is.null(y) && !is.factor(y)) 5 else 1, maxnodes = NULL, impor
tance = FALSE, localImp = FALSE, nPerm = 1, proximity = FALSE, oob.prox = proxi
mity, norm.votes = TRUE, do.trace = FALSE, keep.forest = !is.null(y) && is.null
(xtest), keep.inbag = FALSE, ...)[] 

Overfull \hbox (9.2676pt too wide) in paragraph at lines 723--724
[]\T1/ptm/m/n/10 (Classification only) A vec-tor of length equal to num-ber of 
classes. The \TS1/zi4/m/n/10 '\T1/zi4/m/n/10 winning\TS1/zi4/m/n/10 '
[12] [13]
Overfull \hbox (378.03925pt too wide) in paragraph at lines 863--863
 []\T1/zi4/m/n/10 tsp.tree(X, response, control = tree.control(dim(X)[1], ...),
 method = "recursive.partition", split = c("deviance", "gini"), x = FALSE, y = 
TRUE, wts = TRUE, ...)[] 
[14]
Overfull \hbox (32.20822pt too wide) in paragraph at lines 880--881
[]\T1/ptm/m/n/10 character string giv-ing the method to use. The only other use
-ful value is \T1/zi4/m/n/10 "model.frame"\T1/ptm/m/n/10 . 
[15] (./Rd2.ind [16]

LaTeX Font Warning: Font shape `T1/zi4/m/it' undefined
(Font)              using `T1/zi4/m/n' instead on input line 32.

[17]) (./Rd2.aux)

Package rerunfilecheck Warning: File `Rd2.out' has changed.
(rerunfilecheck)                Rerun to get outlines right
(rerunfilecheck)                or use package `bookmark'.


LaTeX Font Warning: Some font shapes were not available, defaults substituted.

 )
(see the transcript file for additional information){/usr/local/texlive/2018/te
xmf-dist/fonts/enc/dvips/inconsolata/i4-ts1.enc}{/usr/local/texlive/2018/texmf-
dist/fonts/enc/dvips/base/8r.enc}{/usr/local/texlive/2018/texmf-dist/fonts/enc/
dvips/inconsolata/i4-t1-0.enc}</usr/local/texlive/2018/texmf-dist/fonts/type1/p
ublic/inconsolata/Inconsolata-zi4r.pfb></usr/local/texlive/2018/texmf-dist/font
s/type1/public/amsfonts/cm/cmsy10.pfb></usr/local/texlive/2018/texmf-dist/fonts
/type1/urw/helvetic/uhvr8a.pfb></usr/local/texlive/2018/texmf-dist/fonts/type1/
urw/times/utmb8a.pfb></usr/local/texlive/2018/texmf-dist/fonts/type1/urw/times/
utmr8a.pfb></usr/local/texlive/2018/texmf-dist/fonts/type1/urw/times/utmr8a.pfb
></usr/local/texlive/2018/texmf-dist/fonts/type1/urw/times/utmri8a.pfb>
Output written on Rd2.pdf (17 pages, 126930 bytes).
Transcript written on Rd2.log.
This is makeindex, version 2.15 [TeX Live 2018] (kpathsea + Thai support).
Scanning input file Rd2.idx....done (41 entries accepted, 0 rejected).
Sorting entries....done (232 comparisons).
Generating output file Rd2.ind....done (64 lines written, 0 warnings).
Output written in Rd2.ind.
Transcript written in Rd2.ilg.
This is pdfTeX, Version 3.14159265-2.6-1.40.19 (TeX Live 2018) (preloaded format=pdflatex)
 restricted \write18 enabled.
entering extended mode
LaTeX2e <2018-04-01> patch level 2
Babel <3.18> and hyphenation patterns for 84 language(s) loaded.
(./Rd2.tex
(/usr/local/texlive/2018/texmf-dist/tex/latex/base/book.cls
Document Class: book 2014/09/29 v1.4h Standard LaTeX document class
(/usr/local/texlive/2018/texmf-dist/tex/latex/base/bk10.clo))
(/Library/Frameworks/R.framework/Resources/share/texmf/tex/latex/Rd.sty
(/usr/local/texlive/2018/texmf-dist/tex/latex/base/ifthen.sty)
(/usr/local/texlive/2018/texmf-dist/tex/latex/tools/longtable.sty)
(/usr/local/texlive/2018/texmf-dist/tex/latex/tools/bm.sty)
(/usr/local/texlive/2018/texmf-dist/tex/latex/base/alltt.sty)
(/usr/local/texlive/2018/texmf-dist/tex/latex/tools/verbatim.sty)
(/usr/local/texlive/2018/texmf-dist/tex/latex/url/url.sty)
(/usr/local/texlive/2018/texmf-dist/tex/latex/base/textcomp.sty
(/usr/local/texlive/2018/texmf-dist/tex/latex/base/ts1enc.def
(/usr/local/texlive/2018/texmf-dist/tex/latex/base/ts1enc.dfu)))
(/usr/local/texlive/2018/texmf-dist/tex/latex/base/fontenc.sty
(/usr/local/texlive/2018/texmf-dist/tex/latex/base/t1enc.def))
(/usr/local/texlive/2018/texmf-dist/tex/latex/psnfss/times.sty)
(/usr/local/texlive/2018/texmf-dist/tex/latex/inconsolata/zi4.sty
`inconsolata-zi4' v1.112, 2017/01/04 Text macros for Inconsolata (msharpe)
(/usr/local/texlive/2018/texmf-dist/tex/latex/xkeyval/xkeyval.sty
(/usr/local/texlive/2018/texmf-dist/tex/generic/xkeyval/xkeyval.tex
(/usr/local/texlive/2018/texmf-dist/tex/generic/xkeyval/xkvutils.tex
(/usr/local/texlive/2018/texmf-dist/tex/generic/xkeyval/keyval.tex)))))
(/usr/local/texlive/2018/texmf-dist/tex/latex/graphics/color.sty
(/usr/local/texlive/2018/texmf-dist/tex/latex/graphics-cfg/color.cfg)
(/usr/local/texlive/2018/texmf-dist/tex/latex/graphics-def/pdftex.def))
(/usr/local/texlive/2018/texmf-dist/tex/latex/hyperref/hyperref.sty
(/usr/local/texlive/2018/texmf-dist/tex/generic/oberdiek/hobsub-hyperref.sty
(/usr/local/texlive/2018/texmf-dist/tex/generic/oberdiek/hobsub-generic.sty))
(/usr/local/texlive/2018/texmf-dist/tex/generic/ifxetex/ifxetex.sty)
(/usr/local/texlive/2018/texmf-dist/tex/latex/oberdiek/auxhook.sty)
(/usr/local/texlive/2018/texmf-dist/tex/latex/oberdiek/kvoptions.sty)
(/usr/local/texlive/2018/texmf-dist/tex/latex/hyperref/pd1enc.def)
(/usr/local/texlive/2018/texmf-dist/tex/latex/latexconfig/hyperref.cfg))
(/usr/local/texlive/2018/texmf-dist/tex/latex/hyperref/hpdftex.def
(/usr/local/texlive/2018/texmf-dist/tex/latex/oberdiek/rerunfilecheck.sty))

Package hyperref Warning: Option `hyperindex' has already been used,
(hyperref)                setting the option has no effect on input line 366.


Package hyperref Warning: Option `pagebackref' has already been used,
(hyperref)                setting the option has no effect on input line 366.

) (/usr/local/texlive/2018/texmf-dist/tex/latex/base/makeidx.sty)
(/usr/local/texlive/2018/texmf-dist/tex/latex/base/inputenc.sty
(/usr/local/texlive/2018/texmf-dist/tex/latex/base/latin1.def))
Writing index file Rd2.idx
(./Rd2.aux) (/usr/local/texlive/2018/texmf-dist/tex/latex/base/ts1cmr.fd)
(/usr/local/texlive/2018/texmf-dist/tex/latex/psnfss/t1ptm.fd)
(/usr/local/texlive/2018/texmf-dist/tex/context/base/mkii/supp-pdf.mkii
[Loading MPS to PDF converter (version 2006.09.02).]
) (/usr/local/texlive/2018/texmf-dist/tex/latex/hyperref/nameref.sty
(/usr/local/texlive/2018/texmf-dist/tex/generic/oberdiek/gettitlestring.sty))
(./Rd2.out) (./Rd2.out)
(/usr/local/texlive/2018/texmf-dist/tex/latex/inconsolata/t1zi4.fd)
(/usr/local/texlive/2018/texmf-dist/tex/latex/psnfss/t1phv.fd) (./Rd2.toc)
(/usr/local/texlive/2018/texmf-dist/tex/latex/base/utf8.def) [1{/usr/local/texl
ive/2018/texmf-var/fonts/map/pdftex/updmap/pdftex.map}] [2] [3]
Overfull \hbox (0.54762pt too wide) in paragraph at lines 168--169
[]\T1/ptm/m/n/10 Convergence thresh-old for co-or-di-nate de-scent. A pa-ram-e-
ter from "glm-net" pack-

Overfull \hbox (13.24744pt too wide) in paragraph at lines 190--193
[]\T1/ptm/m/n/10 Null de-viance (per ob-ser-va-tion). This is de-fined to be 2*
(log-like_sat -loglike(Null));
[4] (/usr/local/texlive/2018/texmf-dist/tex/latex/inconsolata/ts1zi4.fd)
[5]
Overfull \hbox (203.0597pt too wide) in paragraph at lines 286--286
 []\T1/zi4/m/n/10 predict(object, newx, s = NULL, type = c("link", "response", 
"coefficients", "nonzero", "class"), exact = FALSE, offset, ...)[] 
[6]
Overfull \hbox (5.16684pt too wide) in paragraph at lines 360--361
[]\T1/ptm/m/n/10 If sin-gle.tree=TRUE then pre-dict.tsp.gbm re-turns only the p
re-dic-tions from tree(s)

Overfull \hbox (224.71954pt too wide) in paragraph at lines 397--397
 []\T1/zi4/m/n/10 predict(object, newdata, type = "response", norm.votes = TRUE
, predict.all = FALSE, proximity = FALSE, nodes = FALSE, cutoff, ...)[] 
[7] [8]
Overfull \hbox (124.72977pt too wide) in paragraph at lines 463--463
 []\T1/zi4/m/n/10 predict(object, newdata, type = c("vector", "tree", "class", 
"where"), split = FALSE, nwts, eps = 0.001, ...)[] 
[9] [10]
Overfull \hbox (797.9779pt too wide) in paragraph at lines 599--599
 []\T1/zi4/m/n/10 tsp.gbm(x, y, offset = NULL, misc = NULL, distribution = "ber
noulli", w = NULL, var.monotone = NULL, n.trees = 100, interaction.depth = 1, n
.minobsinnode = 10, shrinkage = 0.001, bag.fraction = 0.5, train.fraction = 1, 
keep.data = TRUE, verbose = TRUE)[] 
[11]
Overfull \hbox (2304.49463pt too wide) in paragraph at lines 689--689
 []\T1/zi4/m/n/10 tsp.randomForest(x, y = NULL, xtest = NULL, ytest = NULL, ntr
ee = 500, type = "classification", mtry = if (!is.null(y) && !is.factor(y)) max
(floor(ncol(x)/3), 1) else floor(sqrt(ncol(x))), replace = TRUE, classwt = NULL
, cutoff, strata, sampsize = if (replace) nrow(x) else ceiling(0.632 * nrow(x))
, nodesize = if (!is.null(y) && !is.factor(y)) 5 else 1, maxnodes = NULL, impor
tance = FALSE, localImp = FALSE, nPerm = 1, proximity = FALSE, oob.prox = proxi
mity, norm.votes = TRUE, do.trace = FALSE, keep.forest = !is.null(y) && is.null
(xtest), keep.inbag = FALSE, ...)[] 

Overfull \hbox (9.2676pt too wide) in paragraph at lines 723--724
[]\T1/ptm/m/n/10 (Classification only) A vec-tor of length equal to num-ber of 
classes. The \TS1/zi4/m/n/10 '\T1/zi4/m/n/10 winning\TS1/zi4/m/n/10 '
[12] [13]
Overfull \hbox (378.03925pt too wide) in paragraph at lines 863--863
 []\T1/zi4/m/n/10 tsp.tree(X, response, control = tree.control(dim(X)[1], ...),
 method = "recursive.partition", split = c("deviance", "gini"), x = FALSE, y = 
TRUE, wts = TRUE, ...)[] 
[14]
Overfull \hbox (32.20822pt too wide) in paragraph at lines 880--881
[]\T1/ptm/m/n/10 character string giv-ing the method to use. The only other use
-ful value is \T1/zi4/m/n/10 "model.frame"\T1/ptm/m/n/10 . 
[15] (./Rd2.ind [16]

LaTeX Font Warning: Font shape `T1/zi4/m/it' undefined
(Font)              using `T1/zi4/m/n' instead on input line 32.

[17]) (./Rd2.aux)

LaTeX Font Warning: Some font shapes were not available, defaults substituted.

 )
(see the transcript file for additional information){/usr/local/texlive/2018/te
xmf-dist/fonts/enc/dvips/inconsolata/i4-ts1.enc}{/usr/local/texlive/2018/texmf-
dist/fonts/enc/dvips/base/8r.enc}{/usr/local/texlive/2018/texmf-dist/fonts/enc/
dvips/inconsolata/i4-t1-0.enc}</usr/local/texlive/2018/texmf-dist/fonts/type1/p
ublic/inconsolata/Inconsolata-zi4r.pfb></usr/local/texlive/2018/texmf-dist/font
s/type1/public/amsfonts/cm/cmsy10.pfb></usr/local/texlive/2018/texmf-dist/fonts
/type1/urw/helvetic/uhvr8a.pfb></usr/local/texlive/2018/texmf-dist/fonts/type1/
urw/times/utmb8a.pfb></usr/local/texlive/2018/texmf-dist/fonts/type1/urw/times/
utmr8a.pfb></usr/local/texlive/2018/texmf-dist/fonts/type1/urw/times/utmr8a.pfb
></usr/local/texlive/2018/texmf-dist/fonts/type1/urw/times/utmri8a.pfb>
Output written on Rd2.pdf (17 pages, 127200 bytes).
Transcript written on Rd2.log.
Saving output to ‘BigTSP-manual.pdf’ ...
Done
You may want to clean up by 'rm -Rf /var/folders/24/k1n3dpcd2p5glqf8r4232qqc8k86md/T//Rtmp6NuSe9/Rd2pdf9d844ee067c9'
