* using log directory ‘/Users/b780620/Desktop/devel/gbm/revdep/checks.noindex/MLInterfaces/old/MLInterfaces.Rcheck’
* using R version 4.0.0 (2020-04-24)
* using platform: x86_64-apple-darwin17.0 (64-bit)
* using session charset: UTF-8
* using options ‘--no-manual --no-build-vignettes’
* checking for file ‘MLInterfaces/DESCRIPTION’ ... OK
* this is package ‘MLInterfaces’ version ‘1.68.0’
* checking package namespace information ... OK
* checking package dependencies ... NOTE
Package which this enhances but not available for checking: ‘rda’
* checking if this is a source package ... OK
* checking if there is a namespace ... OK
* checking for executable files ... OK
* checking for hidden files and directories ... OK
* checking for portable file names ... OK
* checking for sufficient/correct file permissions ... OK
* checking whether package ‘MLInterfaces’ can be installed ... OK
* checking installed package size ... OK
* checking package directory ... OK
* checking ‘build’ directory ... OK
* checking DESCRIPTION meta-information ... OK
* checking top-level files ... OK
* checking for left-over files ... OK
* checking index information ... OK
* checking package subdirectories ... OK
* checking R files for non-ASCII characters ... OK
* checking R files for syntax errors ... OK
* checking whether the package can be loaded ... OK
* checking whether the package can be loaded with stated dependencies ... OK
* checking whether the package can be unloaded cleanly ... OK
* checking whether the namespace can be loaded with stated dependencies ... OK
* checking whether the namespace can be unloaded cleanly ... OK
* checking loading without being on the library search path ... OK
* checking dependencies in R code ... NOTE
Namespaces in Imports field not imported from:
  ‘fpc’ ‘gbm’ ‘ggvis’ ‘hwriter’ ‘mlbench’ ‘pls’ ‘shiny’ ‘stats4’
  ‘threejs’ ‘tools’
  All declared Imports should be used.
Packages in Depends field not imported from:
  ‘Biobase’ ‘BiocGenerics’ ‘Rcpp’ ‘annotate’ ‘cluster’
  These packages need to be imported from (in the NAMESPACE file)
  for when this namespace is loaded but not attached.
Unexported objects imported by ':::' calls:
  ‘MASS:::predict.lda’ ‘ada:::predict.ada’ ‘e1071:::predict.svm’
  ‘rpart:::predict.rpart’ ‘stats:::plot.hclust’
  See the note in ?`:::` about the use of this operator.
* checking S3 generic/method consistency ... NOTE
Found the following apparent S3 methods exported but not registered:
  predict.RAB predict.classifierOutput predict.dlda2 predict.gbm2
  predict.knn.cv2 predict.knn2 predict.lvq predict.rdaML
  predict.rdacvML print.rdaML print.rdacvML
See section ‘Registering S3 methods’ in the ‘Writing R Extensions’
manual.
* checking replacement functions ... OK
* checking foreign function calls ... OK
* checking R code for possible problems ... NOTE
DAB: no visible global function definition for ‘rpart’
RAB: no visible global function definition for ‘rpart’
RAB4es: no visible global function definition for ‘exprs’
es2df: no visible global function definition for ‘exprs’
es2df: no visible global function definition for ‘pData’
gbm2: no visible global function definition for ‘gbm’
hclustWidget: no visible global function definition for ‘shinyApp’
hclustWidget: no visible global function definition for ‘fluidPage’
hclustWidget: no visible global function definition for ‘fluidRow’
hclustWidget: no visible global function definition for ‘column’
hclustWidget: no visible global function definition for ‘textOutput’
hclustWidget: no visible binding for global variable ‘h1’
hclustWidget: no visible global function definition for ‘actionButton’
hclustWidget: no visible global function definition for ‘numericInput’
hclustWidget: no visible global function definition for ‘selectInput’
hclustWidget: no visible global function definition for ‘plotOutput’
hclustWidget: no visible global function definition for ‘ggvisOutput’
hclustWidget : <anonymous>: no visible global function definition for
  ‘renderText’
hclustWidget : <anonymous>: no visible global function definition for
  ‘renderPlot’
hclustWidget : <anonymous>: no visible global function definition for
  ‘clusterboot’
hclustWidget : <anonymous>: no visible binding for global variable
  ‘hclustCBI’
hclustWidget : <anonymous>: no visible global function definition for
  ‘reactive’
hclustWidget : <anonymous>: no visible global function definition for
  ‘%>%’
hclustWidget : <anonymous>: no visible global function definition for
  ‘ggvis’
hclustWidget : <anonymous>: no visible global function definition for
  ‘:=’
hclustWidget : <anonymous>: no visible binding for global variable
  ‘key’
hclustWidget : <anonymous>: no visible global function definition for
  ‘layer_points’
hclustWidget : <anonymous>: no visible global function definition for
  ‘add_tooltip’
hclustWidget : <anonymous>: no visible global function definition for
  ‘bind_shiny’
hclustWidget : <anonymous>: no visible global function definition for
  ‘observe’
hclustWidget : <anonymous>: no visible global function definition for
  ‘isolate’
hclustWidget : <anonymous>: no visible global function definition for
  ‘stopApp’
mapPSvec: no visible global function definition for ‘lookUp’
mlearnWidget: no visible global function definition for ‘shinyApp’
mlearnWidget: no visible global function definition for ‘fluidPage’
mlearnWidget: no visible global function definition for ‘fluidRow’
mlearnWidget: no visible global function definition for ‘column’
mlearnWidget: no visible global function definition for ‘textOutput’
mlearnWidget: no visible binding for global variable ‘h1’
mlearnWidget: no visible global function definition for ‘actionButton’
mlearnWidget: no visible global function definition for ‘selectInput’
mlearnWidget: no visible global function definition for ‘numericInput’
mlearnWidget: no visible global function definition for ‘htmlOutput’
mlearnWidget: no visible global function definition for ‘tableOutput’
mlearnWidget: no visible global function definition for ‘plotOutput’
mlearnWidget : <anonymous>: no visible global function definition for
  ‘reactive’
mlearnWidget : <anonymous>: no visible global function definition for
  ‘renderText’
mlearnWidget : <anonymous> : totext: no visible global function
  definition for ‘hwrite’
mlearnWidget : <anonymous> : tize: no visible global function
  definition for ‘hwrite’
mlearnWidget : <anonymous>: no visible global function definition for
  ‘renderTable’
mlearnWidget : <anonymous>: no visible global function definition for
  ‘renderPlot’
mlearnWidget : <anonymous>: no visible global function definition for
  ‘annotation’
mlearnWidget : <anonymous>: no visible global function definition for
  ‘plotcp’
mlearnWidget : <anonymous>: no visible global function definition for
  ‘abstract’
mlearnWidget : <anonymous>: no visible global function definition for
  ‘featureNames’
mlearnWidget : <anonymous>: no visible global function definition for
  ‘observe’
mlearnWidget : <anonymous>: no visible global function definition for
  ‘isolate’
mlearnWidget : <anonymous>: no visible global function definition for
  ‘stopApp’
planarPlot2: no visible global function definition for ‘brewer.pal’
planarPlot2: no visible global function definition for ‘exprs’
plspinDF: no visible global function definition for ‘shinyApp’
plspinDF: no visible global function definition for ‘fluidPage’
plspinDF: no visible global function definition for ‘fluidRow’
plspinDF: no visible global function definition for ‘column’
plspinDF: no visible global function definition for ‘textOutput’
plspinDF: no visible binding for global variable ‘h1’
plspinDF: no visible global function definition for ‘sidebarLayout’
plspinDF: no visible global function definition for ‘sidebarPanel’
plspinDF: no visible global function definition for ‘p’
plspinDF: no visible global function definition for ‘strong’
plspinDF: no visible global function definition for ‘div’
plspinDF: no visible global function definition for ‘numericInput’
plspinDF: no visible global function definition for ‘selectInput’
plspinDF: no visible global function definition for ‘em’
plspinDF: no visible global function definition for ‘br’
plspinDF: no visible global function definition for ‘mainPanel’
plspinDF: no visible global function definition for
  ‘scatterplotThreeOutput’
plspinDF : <anonymous>: no visible global function definition for
  ‘reactive’
plspinDF : <anonymous>: no visible global function definition for
  ‘renderText’
plspinDF : <anonymous>: no visible global function definition for
  ‘brewer.pal’
plspinDF : <anonymous>: no visible global function definition for
  ‘scatterplot3js’
plspinDF : <anonymous>: no visible global function definition for
  ‘renderScatterplotThree’
plspinDF : <anonymous>: no visible global function definition for ‘%>%’
plspinDF : <anonymous>: no visible global function definition for
  ‘points3d’
plspinHcube: no visible global function definition for ‘shinyApp’
plspinHcube: no visible global function definition for ‘fluidPage’
plspinHcube: no visible global function definition for ‘fluidRow’
plspinHcube: no visible global function definition for ‘column’
plspinHcube: no visible global function definition for ‘textOutput’
plspinHcube: no visible binding for global variable ‘h1’
plspinHcube: no visible global function definition for ‘sidebarLayout’
plspinHcube: no visible global function definition for ‘sidebarPanel’
plspinHcube: no visible global function definition for ‘p’
plspinHcube: no visible global function definition for ‘strong’
plspinHcube: no visible global function definition for ‘div’
plspinHcube: no visible global function definition for ‘numericInput’
plspinHcube: no visible global function definition for ‘selectInput’
plspinHcube: no visible global function definition for ‘em’
plspinHcube: no visible global function definition for ‘br’
plspinHcube: no visible global function definition for ‘mainPanel’
plspinHcube: no visible global function definition for
  ‘scatterplotThreeOutput’
plspinHcube : <anonymous>: no visible global function definition for
  ‘reactive’
plspinHcube : <anonymous>: no visible global function definition for
  ‘mlbench.hypercube’
plspinHcube : <anonymous>: no visible global function definition for
  ‘renderText’
plspinHcube : <anonymous>: no visible global function definition for
  ‘brewer.pal’
plspinHcube : <anonymous>: no visible global function definition for
  ‘scatterplot3js’
plspinHcube : <anonymous>: no visible global function definition for
  ‘renderScatterplotThree’
plspinHcube : <anonymous>: no visible global function definition for
  ‘%>%’
plspinHcube : <anonymous>: no visible global function definition for
  ‘points3d’
predict.classifierOutput: no visible global function definition for
  ‘exprs’
predict.gbm2: no visible global function definition for ‘predict.gbm’
rab: no visible global function definition for ‘rpart’
getGrid,ExpressionSet: no visible global function definition for
  ‘exprs’
planarPlot,classifierOutput-ExpressionSet-character: no visible global
  function definition for ‘exprs’
predScore,classifierOutput: no visible global function definition for
  ‘rowMax’
Undefined global functions or variables:
  %>% := abstract actionButton add_tooltip annotation bind_shiny br
  brewer.pal clusterboot column div em exprs featureNames fluidPage
  fluidRow gbm ggvis ggvisOutput h1 hclustCBI htmlOutput hwrite isolate
  key layer_points lookUp mainPanel mlbench.hypercube numericInput
  observe p pData plotOutput plotcp points3d predict.gbm reactive
  renderPlot renderScatterplotThree renderTable renderText rowMax rpart
  scatterplot3js scatterplotThreeOutput selectInput shinyApp
  sidebarLayout sidebarPanel stopApp strong tableOutput textOutput
* checking Rd files ... NOTE
prepare_Rd: plspinHcube.Rd:17-19: Dropping empty section \details
* checking Rd metadata ... OK
* checking Rd cross-references ... OK
* checking for missing documentation entries ... OK
* checking for code/documentation mismatches ... OK
* checking Rd \usage sections ... OK
* checking Rd contents ... OK
* checking for unstated dependencies in examples ... OK
* checking sizes of PDF files under ‘inst/doc’ ... OK
* checking installed files from ‘inst/doc’ ... OK
* checking files in ‘vignettes’ ... OK
* checking examples ... OK
* checking for unstated dependencies in ‘tests’ ... OK
* checking tests ... OK
  Running ‘testthat.R’
* checking for unstated dependencies in vignettes ... OK
* checking package vignettes in ‘inst/doc’ ... OK
* checking running R code from vignettes ... OK
  ‘MLInterfaces.Rnw’... OK
  ‘MLint_devel.Rnw’... OK
  ‘MLprac2_2.Rnw’... OK
  ‘xvalComputerClusters.Rnw’... OK
* checking re-building of vignette outputs ... SKIPPED
* DONE
Status: 5 NOTEs
