* installing *source* package ‘dismo’ ...
** package ‘dismo’ successfully unpacked and MD5 sums checked
** using staged installation
** libs
gcc-9 -I"/Library/Frameworks/R.framework/Resources/include" -DNDEBUG   -I/usr/local/include   -fPIC  -mtune=native -g -O2 -Wall -pedantic -Wconversion -c percRank.c -o percRank.o
gcc-9 -dynamiclib -Wl,-headerpad_max_install_names -undefined dynamic_lookup -single_module -multiply_defined suppress -L/Library/Frameworks/R.framework/Resources/lib -L/usr/local/lib -o dismo.so percRank.o -F/Library/Frameworks/R.framework/.. -framework R -Wl,-framework -Wl,CoreFoundation
installing to /Users/b780620/Desktop/devel/gbm/revdep/checks.noindex/dismo/old/dismo.Rcheck/00LOCK-dismo/00new/dismo/libs
** R
** data
** inst
** byte-compile and prepare package for lazy loading
** help
*** installing help indices
** building package indices
** installing vignettes
** testing if installed package can be loaded from temporary location
** checking absolute paths in shared objects and dynamic libraries
** testing if installed package can be loaded from final location
** testing if installed package keeps a record of temporary installation path
* DONE (dismo)
