Hmm ... looks like a package

This is pdfTeX, Version 3.14159265-2.6-1.40.19 (TeX Live 2018) (preloaded format=pdflatex)
 restricted \write18 enabled.
entering extended mode
LaTeX2e <2018-04-01> patch level 2
Babel <3.18> and hyphenation patterns for 84 language(s) loaded.
(./Rd2.tex
(/usr/local/texlive/2018/texmf-dist/tex/latex/base/book.cls
Document Class: book 2014/09/29 v1.4h Standard LaTeX document class
(/usr/local/texlive/2018/texmf-dist/tex/latex/base/bk10.clo))
(/Library/Frameworks/R.framework/Resources/share/texmf/tex/latex/Rd.sty
(/usr/local/texlive/2018/texmf-dist/tex/latex/base/ifthen.sty)
(/usr/local/texlive/2018/texmf-dist/tex/latex/tools/longtable.sty)
(/usr/local/texlive/2018/texmf-dist/tex/latex/tools/bm.sty)
(/usr/local/texlive/2018/texmf-dist/tex/latex/base/alltt.sty)
(/usr/local/texlive/2018/texmf-dist/tex/latex/tools/verbatim.sty)
(/usr/local/texlive/2018/texmf-dist/tex/latex/url/url.sty)
(/usr/local/texlive/2018/texmf-dist/tex/latex/base/textcomp.sty
(/usr/local/texlive/2018/texmf-dist/tex/latex/base/ts1enc.def
(/usr/local/texlive/2018/texmf-dist/tex/latex/base/ts1enc.dfu)))
(/usr/local/texlive/2018/texmf-dist/tex/latex/base/fontenc.sty
(/usr/local/texlive/2018/texmf-dist/tex/latex/base/t1enc.def))
(/usr/local/texlive/2018/texmf-dist/tex/latex/psnfss/times.sty)
(/usr/local/texlive/2018/texmf-dist/tex/latex/inconsolata/zi4.sty
`inconsolata-zi4' v1.112, 2017/01/04 Text macros for Inconsolata (msharpe)
(/usr/local/texlive/2018/texmf-dist/tex/latex/xkeyval/xkeyval.sty
(/usr/local/texlive/2018/texmf-dist/tex/generic/xkeyval/xkeyval.tex
(/usr/local/texlive/2018/texmf-dist/tex/generic/xkeyval/xkvutils.tex
(/usr/local/texlive/2018/texmf-dist/tex/generic/xkeyval/keyval.tex)))))
(/usr/local/texlive/2018/texmf-dist/tex/latex/graphics/color.sty
(/usr/local/texlive/2018/texmf-dist/tex/latex/graphics-cfg/color.cfg)
(/usr/local/texlive/2018/texmf-dist/tex/latex/graphics-def/pdftex.def))
(/usr/local/texlive/2018/texmf-dist/tex/latex/hyperref/hyperref.sty
(/usr/local/texlive/2018/texmf-dist/tex/generic/oberdiek/hobsub-hyperref.sty
(/usr/local/texlive/2018/texmf-dist/tex/generic/oberdiek/hobsub-generic.sty))
(/usr/local/texlive/2018/texmf-dist/tex/generic/ifxetex/ifxetex.sty)
(/usr/local/texlive/2018/texmf-dist/tex/latex/oberdiek/auxhook.sty)
(/usr/local/texlive/2018/texmf-dist/tex/latex/oberdiek/kvoptions.sty)
(/usr/local/texlive/2018/texmf-dist/tex/latex/hyperref/pd1enc.def)
(/usr/local/texlive/2018/texmf-dist/tex/latex/latexconfig/hyperref.cfg))
(/usr/local/texlive/2018/texmf-dist/tex/latex/hyperref/hpdftex.def
(/usr/local/texlive/2018/texmf-dist/tex/latex/oberdiek/rerunfilecheck.sty))

Package hyperref Warning: Option `hyperindex' has already been used,
(hyperref)                setting the option has no effect on input line 366.


Package hyperref Warning: Option `pagebackref' has already been used,
(hyperref)                setting the option has no effect on input line 366.

) (/usr/local/texlive/2018/texmf-dist/tex/latex/base/makeidx.sty)
(/usr/local/texlive/2018/texmf-dist/tex/latex/base/inputenc.sty
(/usr/local/texlive/2018/texmf-dist/tex/latex/base/latin1.def))
(/usr/local/texlive/2018/texmf-dist/tex/latex/graphics/graphicx.sty
(/usr/local/texlive/2018/texmf-dist/tex/latex/graphics/graphics.sty
(/usr/local/texlive/2018/texmf-dist/tex/latex/graphics/trig.sty)
(/usr/local/texlive/2018/texmf-dist/tex/latex/graphics-cfg/graphics.cfg)))
Writing index file Rd2.idx
No file Rd2.aux.
(/usr/local/texlive/2018/texmf-dist/tex/latex/base/ts1cmr.fd)
(/usr/local/texlive/2018/texmf-dist/tex/latex/psnfss/t1ptm.fd)
(/usr/local/texlive/2018/texmf-dist/tex/context/base/mkii/supp-pdf.mkii
[Loading MPS to PDF converter (version 2006.09.02).]
) (/usr/local/texlive/2018/texmf-dist/tex/latex/oberdiek/epstopdf-base.sty
(/usr/local/texlive/2018/texmf-dist/tex/latex/oberdiek/grfext.sty)
(/usr/local/texlive/2018/texmf-dist/tex/latex/latexconfig/epstopdf-sys.cfg))
(/usr/local/texlive/2018/texmf-dist/tex/latex/hyperref/nameref.sty
(/usr/local/texlive/2018/texmf-dist/tex/generic/oberdiek/gettitlestring.sty))
(/usr/local/texlive/2018/texmf-dist/tex/latex/inconsolata/t1zi4.fd)
(/usr/local/texlive/2018/texmf-dist/tex/latex/psnfss/ts1ptm.fd)
(/usr/local/texlive/2018/texmf-dist/tex/latex/psnfss/t1phv.fd)
(/usr/local/texlive/2018/texmf-dist/tex/latex/base/utf8.def) [1{/usr/local/texl
ive/2018/texmf-var/fonts/map/pdftex/updmap/pdftex.map}] [2]
(/usr/local/texlive/2018/texmf-dist/tex/latex/inconsolata/ts1zi4.fd) [3]
Underfull \vbox (badness 10000) has occurred while \output is active [4]
Underfull \vbox (badness 10000) has occurred while \output is active [5]
Underfull \vbox (badness 10000) has occurred while \output is active [6]
Underfull \vbox (badness 10000) has occurred while \output is active [7]
[8]
Overfull \hbox (3.45969pt too wide) in paragraph at lines 470--473
[]\T1/ptm/m/n/10 Other dataset func-tions: [][]\T1/zi4/m/n/10 delete.datasets[]
[][]\T1/ptm/m/n/10 , [][]\T1/zi4/m/n/10 download.intermediate.dataset[][][]\T1/
ptm/m/n/10 , [][]\T1/zi4/m/n/10 upload.dataset[][][]\T1/ptm/m/n/10 ,
[9]
Overfull \hbox (15.4797pt too wide) in paragraph at lines 535--538
[]\T1/ptm/m/n/10 Other dataset func-tions: [][]\T1/zi4/m/n/10 datasets[][][]\T1
/ptm/m/n/10 , [][]\T1/zi4/m/n/10 download.intermediate.dataset[][][]\T1/ptm/m/n
/10 , [][]\T1/zi4/m/n/10 upload.dataset[][][]\T1/ptm/m/n/10 , [][]\T1/zi4/m/n/1
0 workspace[][][] 
[10]
Underfull \vbox (badness 10000) has occurred while \output is active [11]
Underfull \vbox (badness 10000) has occurred while \output is active [12]
Underfull \vbox (badness 10000) has occurred while \output is active [13]
Underfull \vbox (badness 10000) has occurred while \output is active [14]
[15]
Overfull \hbox (5.55907pt too wide) in paragraph at lines 892--895
\T1/zi4/m/n/10 readBin \T1/ptm/m/n/10 for the ZIP DataTypeId. For ex-am-ple, sp
ec-ify \T1/zi4/m/n/10 stringsAsFactors=TRUE
[16] [17] [18] [19]
Overfull \hbox (1.9981pt too wide) in paragraph at lines 1154--1155
[]\T1/zi4/m/n/10 experiments(w) \T1/ptm/m/n/10 is equiv-a-lent to \T1/zi4/m/n/1
0 w$experiments\T1/ptm/m/n/10 . Since \T1/zi4/m/n/10 w$experiments \T1/ptm/m/n/
10 is sim-ply an R data.frame,
[20] [21] [22]
Overfull \hbox (113.1282pt too wide) in paragraph at lines 1304--1305
[]\T1/ptm/m/n/10 list of \T1/zi4/m/n/10 fun \T1/ptm/m/n/10 out-puts and AzureML
 types, for-mat-ted as \T1/zi4/m/n/10 list("output1"="type", "output2"="type", 
...)\T1/ptm/m/n/10 ,
[23] [24] [25]
Underfull \vbox (badness 10000) has occurred while \output is active [26]
Underfull \vbox (badness 10000) has occurred while \output is active [27]
Underfull \vbox (badness 10000) has occurred while \output is active [28]
[29]
Overfull \hbox (18.17873pt too wide) in paragraph at lines 1644--1645
\T1/ptm/m/n/10 other ar-gu-ments are miss-ing. The de-fault con-fig file is \T1
/zi4/m/n/10 ~/.azureml/settings.json\T1/ptm/m/n/10 ,

Overfull \hbox (44.52931pt too wide) in paragraph at lines 1644--1645
\T1/ptm/m/n/10 but you can change this lo-ca-tion by set-ting \T1/zi4/m/n/10 op
tions(AzureML.config = "newlocation")\T1/ptm/m/n/10 .

Overfull \hbox (39.04773pt too wide) in paragraph at lines 1650--1651
[]\T1/ptm/m/n/10 Optional AzureML API web ser-vice URI. De-faults to \T1/zi4/m/
n/10 https://studioapi.azureml.net

Overfull \hbox (79.0379pt too wide) in paragraph at lines 1652--1653
[]\T1/ptm/m/n/10 Optional AzureML man-age-ment web ser-vice URI. De-faults to \
T1/zi4/m/n/10 https://management.azureml.net
[30]
Overfull \hbox (3.78674pt too wide) in paragraph at lines 1700--1702
[]\T1/ptm/m/n/10 Return a list of web ser-vices avail-able to the spec-i-fied M
i-crosoft Azure Ma-chine Learn-ing workspace.
[31]
Overfull \hbox (20.4797pt too wide) in paragraph at lines 1807--1811
[]\T1/ptm/m/n/10 Other dataset func-tions: [][]\T1/zi4/m/n/10 datasets[][][]\T1
/ptm/m/n/10 , [][]\T1/zi4/m/n/10 delete.datasets[][][]\T1/ptm/m/n/10 , [][]\T1/
zi4/m/n/10 download.intermediate.dataset[][][]\T1/ptm/m/n/10 , [][]\T1/zi4/m/n/
10 workspace[][][] 
[32]
Overfull \hbox (39.04773pt too wide) in paragraph at lines 1853--1854
[]\T1/ptm/m/n/10 Optional AzureML API web ser-vice URI. De-faults to \T1/zi4/m/
n/10 https://studioapi.azureml.net

Overfull \hbox (79.0379pt too wide) in paragraph at lines 1855--1856
[]\T1/ptm/m/n/10 Optional AzureML man-age-ment web ser-vice URI. De-faults to \
T1/zi4/m/n/10 https://management.azureml.net

Overfull \hbox (18.17873pt too wide) in paragraph at lines 1857--1858
\T1/ptm/m/n/10 other ar-gu-ments are miss-ing. The de-fault con-fig file is \T1
/zi4/m/n/10 ~/.azureml/settings.json\T1/ptm/m/n/10 ,

Overfull \hbox (44.52931pt too wide) in paragraph at lines 1857--1858
\T1/ptm/m/n/10 but you can change this lo-ca-tion by set-ting \T1/zi4/m/n/10 op
tions(AzureML.config = "newlocation")\T1/ptm/m/n/10 .
[33] [34 </Users/b780620/Desktop/devel/gbm/revdep/checks.noindex/AzureML/old/Az
ureML.Rcheck/AzureML/help/figures/workspaceId.pdf> </Users/b780620/Desktop/deve
l/gbm/revdep/checks.noindex/AzureML/old/AzureML.Rcheck/AzureML/help/figures/aut
horizationToken.pdf

pdfTeX warning: pdflatex (file /Users/b780620/Desktop/devel/gbm/revdep/checks.n
oindex/AzureML/old/AzureML.Rcheck/AzureML/help/figures/authorizationToken.pdf):
 PDF inclusion: multiple pdfs with page group included in a single page
>]
Overfull \hbox (45.4797pt too wide) in paragraph at lines 1944--1948
[]\T1/ptm/m/n/10 Other dataset func-tions: [][]\T1/zi4/m/n/10 datasets[][][]\T1
/ptm/m/n/10 , [][]\T1/zi4/m/n/10 delete.datasets[][][]\T1/ptm/m/n/10 , [][]\T1/
zi4/m/n/10 download.intermediate.dataset[][][]\T1/ptm/m/n/10 , [][]\T1/zi4/m/n/
10 upload.dataset[][][] 
No file Rd2.ind.
[35] (./Rd2.aux)

Package rerunfilecheck Warning: File `Rd2.out' has changed.
(rerunfilecheck)                Rerun to get outlines right
(rerunfilecheck)                or use package `bookmark'.

 )
(see the transcript file for additional information)pdfTeX warning (dest): name
{Rfn.write.table} has been referenced but does not exist, replaced by a fixed o
ne

pdfTeX warning (dest): name{Rfn.zip} has been referenced but does not exist, re
placed by a fixed one

pdfTeX warning (dest): name{Rfn.read.table} has been referenced but does not ex
ist, replaced by a fixed one

{/usr/local/texlive/2018/texmf-dist/fonts/enc/dvips/inconsolata/i4-ts1.enc}{/us
r/local/texlive/2018/texmf-dist/fonts/enc/dvips/base/8r.enc}{/usr/local/texlive
/2018/texmf-dist/fonts/enc/dvips/inconsolata/i4-t1-0.enc}</usr/local/texlive/20
18/texmf-dist/fonts/type1/public/inconsolata/Inconsolata-zi4r.pfb></usr/local/t
exlive/2018/texmf-dist/fonts/type1/urw/helvetic/uhvr8a.pfb></usr/local/texlive/
2018/texmf-dist/fonts/type1/urw/times/utmb8a.pfb></usr/local/texlive/2018/texmf
-dist/fonts/type1/urw/times/utmr8a.pfb></usr/local/texlive/2018/texmf-dist/font
s/type1/urw/times/utmr8a.pfb></usr/local/texlive/2018/texmf-dist/fonts/type1/ur
w/times/utmri8a.pfb>
Output written on Rd2.pdf (35 pages, 201859 bytes).
Transcript written on Rd2.log.
This is makeindex, version 2.15 [TeX Live 2018] (kpathsea + Thai support).
Scanning input file Rd2.idx....done (168 entries accepted, 0 rejected).
Sorting entries....done (1323 comparisons).
Generating output file Rd2.ind....done (148 lines written, 1 warning).
Output written in Rd2.ind.
Transcript written in Rd2.ilg.
This is pdfTeX, Version 3.14159265-2.6-1.40.19 (TeX Live 2018) (preloaded format=pdflatex)
 restricted \write18 enabled.
entering extended mode
LaTeX2e <2018-04-01> patch level 2
Babel <3.18> and hyphenation patterns for 84 language(s) loaded.
(./Rd2.tex
(/usr/local/texlive/2018/texmf-dist/tex/latex/base/book.cls
Document Class: book 2014/09/29 v1.4h Standard LaTeX document class
(/usr/local/texlive/2018/texmf-dist/tex/latex/base/bk10.clo))
(/Library/Frameworks/R.framework/Resources/share/texmf/tex/latex/Rd.sty
(/usr/local/texlive/2018/texmf-dist/tex/latex/base/ifthen.sty)
(/usr/local/texlive/2018/texmf-dist/tex/latex/tools/longtable.sty)
(/usr/local/texlive/2018/texmf-dist/tex/latex/tools/bm.sty)
(/usr/local/texlive/2018/texmf-dist/tex/latex/base/alltt.sty)
(/usr/local/texlive/2018/texmf-dist/tex/latex/tools/verbatim.sty)
(/usr/local/texlive/2018/texmf-dist/tex/latex/url/url.sty)
(/usr/local/texlive/2018/texmf-dist/tex/latex/base/textcomp.sty
(/usr/local/texlive/2018/texmf-dist/tex/latex/base/ts1enc.def
(/usr/local/texlive/2018/texmf-dist/tex/latex/base/ts1enc.dfu)))
(/usr/local/texlive/2018/texmf-dist/tex/latex/base/fontenc.sty
(/usr/local/texlive/2018/texmf-dist/tex/latex/base/t1enc.def))
(/usr/local/texlive/2018/texmf-dist/tex/latex/psnfss/times.sty)
(/usr/local/texlive/2018/texmf-dist/tex/latex/inconsolata/zi4.sty
`inconsolata-zi4' v1.112, 2017/01/04 Text macros for Inconsolata (msharpe)
(/usr/local/texlive/2018/texmf-dist/tex/latex/xkeyval/xkeyval.sty
(/usr/local/texlive/2018/texmf-dist/tex/generic/xkeyval/xkeyval.tex
(/usr/local/texlive/2018/texmf-dist/tex/generic/xkeyval/xkvutils.tex
(/usr/local/texlive/2018/texmf-dist/tex/generic/xkeyval/keyval.tex)))))
(/usr/local/texlive/2018/texmf-dist/tex/latex/graphics/color.sty
(/usr/local/texlive/2018/texmf-dist/tex/latex/graphics-cfg/color.cfg)
(/usr/local/texlive/2018/texmf-dist/tex/latex/graphics-def/pdftex.def))
(/usr/local/texlive/2018/texmf-dist/tex/latex/hyperref/hyperref.sty
(/usr/local/texlive/2018/texmf-dist/tex/generic/oberdiek/hobsub-hyperref.sty
(/usr/local/texlive/2018/texmf-dist/tex/generic/oberdiek/hobsub-generic.sty))
(/usr/local/texlive/2018/texmf-dist/tex/generic/ifxetex/ifxetex.sty)
(/usr/local/texlive/2018/texmf-dist/tex/latex/oberdiek/auxhook.sty)
(/usr/local/texlive/2018/texmf-dist/tex/latex/oberdiek/kvoptions.sty)
(/usr/local/texlive/2018/texmf-dist/tex/latex/hyperref/pd1enc.def)
(/usr/local/texlive/2018/texmf-dist/tex/latex/latexconfig/hyperref.cfg))
(/usr/local/texlive/2018/texmf-dist/tex/latex/hyperref/hpdftex.def
(/usr/local/texlive/2018/texmf-dist/tex/latex/oberdiek/rerunfilecheck.sty))

Package hyperref Warning: Option `hyperindex' has already been used,
(hyperref)                setting the option has no effect on input line 366.


Package hyperref Warning: Option `pagebackref' has already been used,
(hyperref)                setting the option has no effect on input line 366.

) (/usr/local/texlive/2018/texmf-dist/tex/latex/base/makeidx.sty)
(/usr/local/texlive/2018/texmf-dist/tex/latex/base/inputenc.sty
(/usr/local/texlive/2018/texmf-dist/tex/latex/base/latin1.def))
(/usr/local/texlive/2018/texmf-dist/tex/latex/graphics/graphicx.sty
(/usr/local/texlive/2018/texmf-dist/tex/latex/graphics/graphics.sty
(/usr/local/texlive/2018/texmf-dist/tex/latex/graphics/trig.sty)
(/usr/local/texlive/2018/texmf-dist/tex/latex/graphics-cfg/graphics.cfg)))
Writing index file Rd2.idx
(./Rd2.aux) (/usr/local/texlive/2018/texmf-dist/tex/latex/base/ts1cmr.fd)
(/usr/local/texlive/2018/texmf-dist/tex/latex/psnfss/t1ptm.fd)
(/usr/local/texlive/2018/texmf-dist/tex/context/base/mkii/supp-pdf.mkii
[Loading MPS to PDF converter (version 2006.09.02).]
) (/usr/local/texlive/2018/texmf-dist/tex/latex/oberdiek/epstopdf-base.sty
(/usr/local/texlive/2018/texmf-dist/tex/latex/oberdiek/grfext.sty)
(/usr/local/texlive/2018/texmf-dist/tex/latex/latexconfig/epstopdf-sys.cfg))
(/usr/local/texlive/2018/texmf-dist/tex/latex/hyperref/nameref.sty
(/usr/local/texlive/2018/texmf-dist/tex/generic/oberdiek/gettitlestring.sty))
(./Rd2.out) (./Rd2.out)
(/usr/local/texlive/2018/texmf-dist/tex/latex/inconsolata/t1zi4.fd)
(/usr/local/texlive/2018/texmf-dist/tex/latex/psnfss/ts1ptm.fd)
(/usr/local/texlive/2018/texmf-dist/tex/latex/psnfss/t1phv.fd) (./Rd2.toc
[1{/usr/local/texlive/2018/texmf-var/fonts/map/pdftex/updmap/pdftex.map}])
(/usr/local/texlive/2018/texmf-dist/tex/latex/base/utf8.def) [2] [3]
(/usr/local/texlive/2018/texmf-dist/tex/latex/inconsolata/ts1zi4.fd) [4]
Underfull \vbox (badness 10000) has occurred while \output is active [5]
Underfull \vbox (badness 10000) has occurred while \output is active [6]
Underfull \vbox (badness 10000) has occurred while \output is active [7]
[8]
Overfull \hbox (3.45969pt too wide) in paragraph at lines 470--473
[]\T1/ptm/m/n/10 Other dataset func-tions: [][]\T1/zi4/m/n/10 delete.datasets[]
[][]\T1/ptm/m/n/10 , [][]\T1/zi4/m/n/10 download.intermediate.dataset[][][]\T1/
ptm/m/n/10 , [][]\T1/zi4/m/n/10 upload.dataset[][][]\T1/ptm/m/n/10 ,
[9]
Overfull \hbox (15.4797pt too wide) in paragraph at lines 535--538
[]\T1/ptm/m/n/10 Other dataset func-tions: [][]\T1/zi4/m/n/10 datasets[][][]\T1
/ptm/m/n/10 , [][]\T1/zi4/m/n/10 download.intermediate.dataset[][][]\T1/ptm/m/n
/10 , [][]\T1/zi4/m/n/10 upload.dataset[][][]\T1/ptm/m/n/10 , [][]\T1/zi4/m/n/1
0 workspace[][][] 
[10] [11]
Underfull \vbox (badness 10000) has occurred while \output is active [12]
Underfull \vbox (badness 10000) has occurred while \output is active [13]
Underfull \vbox (badness 10000) has occurred while \output is active [14]
[15]
Overfull \hbox (5.55907pt too wide) in paragraph at lines 892--895
\T1/zi4/m/n/10 readBin \T1/ptm/m/n/10 for the ZIP DataTypeId. For ex-am-ple, sp
ec-ify \T1/zi4/m/n/10 stringsAsFactors=TRUE
[16] [17] [18] [19] [20]
Overfull \hbox (1.9981pt too wide) in paragraph at lines 1154--1155
[]\T1/zi4/m/n/10 experiments(w) \T1/ptm/m/n/10 is equiv-a-lent to \T1/zi4/m/n/1
0 w$experiments\T1/ptm/m/n/10 . Since \T1/zi4/m/n/10 w$experiments \T1/ptm/m/n/
10 is sim-ply an R data.frame,
[21] [22] [23]
Overfull \hbox (113.1282pt too wide) in paragraph at lines 1304--1305
[]\T1/ptm/m/n/10 list of \T1/zi4/m/n/10 fun \T1/ptm/m/n/10 out-puts and AzureML
 types, for-mat-ted as \T1/zi4/m/n/10 list("output1"="type", "output2"="type", 
...)\T1/ptm/m/n/10 ,
[24] [25]
Underfull \vbox (badness 10000) has occurred while \output is active [26]
Underfull \vbox (badness 10000) has occurred while \output is active [27]
Underfull \vbox (badness 10000) has occurred while \output is active [28]
Underfull \vbox (badness 10000) has occurred while \output is active [29]
Overfull \hbox (18.17873pt too wide) in paragraph at lines 1644--1645
\T1/ptm/m/n/10 other ar-gu-ments are miss-ing. The de-fault con-fig file is \T1
/zi4/m/n/10 ~/.azureml/settings.json\T1/ptm/m/n/10 ,

Overfull \hbox (44.52931pt too wide) in paragraph at lines 1644--1645
\T1/ptm/m/n/10 but you can change this lo-ca-tion by set-ting \T1/zi4/m/n/10 op
tions(AzureML.config = "newlocation")\T1/ptm/m/n/10 .

Overfull \hbox (39.04773pt too wide) in paragraph at lines 1650--1651
[]\T1/ptm/m/n/10 Optional AzureML API web ser-vice URI. De-faults to \T1/zi4/m/
n/10 https://studioapi.azureml.net

Overfull \hbox (79.0379pt too wide) in paragraph at lines 1652--1653
[]\T1/ptm/m/n/10 Optional AzureML man-age-ment web ser-vice URI. De-faults to \
T1/zi4/m/n/10 https://management.azureml.net
[30]
Overfull \hbox (3.78674pt too wide) in paragraph at lines 1700--1702
[]\T1/ptm/m/n/10 Return a list of web ser-vices avail-able to the spec-i-fied M
i-crosoft Azure Ma-chine Learn-ing workspace.
[31] [32]
Overfull \hbox (20.4797pt too wide) in paragraph at lines 1807--1811
[]\T1/ptm/m/n/10 Other dataset func-tions: [][]\T1/zi4/m/n/10 datasets[][][]\T1
/ptm/m/n/10 , [][]\T1/zi4/m/n/10 delete.datasets[][][]\T1/ptm/m/n/10 , [][]\T1/
zi4/m/n/10 download.intermediate.dataset[][][]\T1/ptm/m/n/10 , [][]\T1/zi4/m/n/
10 workspace[][][] 
[33]
Overfull \hbox (39.04773pt too wide) in paragraph at lines 1853--1854
[]\T1/ptm/m/n/10 Optional AzureML API web ser-vice URI. De-faults to \T1/zi4/m/
n/10 https://studioapi.azureml.net

Overfull \hbox (79.0379pt too wide) in paragraph at lines 1855--1856
[]\T1/ptm/m/n/10 Optional AzureML man-age-ment web ser-vice URI. De-faults to \
T1/zi4/m/n/10 https://management.azureml.net

Overfull \hbox (18.17873pt too wide) in paragraph at lines 1857--1858
\T1/ptm/m/n/10 other ar-gu-ments are miss-ing. The de-fault con-fig file is \T1
/zi4/m/n/10 ~/.azureml/settings.json\T1/ptm/m/n/10 ,

Overfull \hbox (44.52931pt too wide) in paragraph at lines 1857--1858
\T1/ptm/m/n/10 but you can change this lo-ca-tion by set-ting \T1/zi4/m/n/10 op
tions(AzureML.config = "newlocation")\T1/ptm/m/n/10 .
[34] [35 </Users/b780620/Desktop/devel/gbm/revdep/checks.noindex/AzureML/old/Az
ureML.Rcheck/AzureML/help/figures/workspaceId.pdf> </Users/b780620/Desktop/deve
l/gbm/revdep/checks.noindex/AzureML/old/AzureML.Rcheck/AzureML/help/figures/aut
horizationToken.pdf

pdfTeX warning: pdflatex (file /Users/b780620/Desktop/devel/gbm/revdep/checks.n
oindex/AzureML/old/AzureML.Rcheck/AzureML/help/figures/authorizationToken.pdf):
 PDF inclusion: multiple pdfs with page group included in a single page
>]
Overfull \hbox (45.4797pt too wide) in paragraph at lines 1944--1948
[]\T1/ptm/m/n/10 Other dataset func-tions: [][]\T1/zi4/m/n/10 datasets[][][]\T1
/ptm/m/n/10 , [][]\T1/zi4/m/n/10 delete.datasets[][][]\T1/ptm/m/n/10 , [][]\T1/
zi4/m/n/10 download.intermediate.dataset[][][]\T1/ptm/m/n/10 , [][]\T1/zi4/m/n/
10 upload.dataset[][][] 
(./Rd2.ind [36]

LaTeX Font Warning: Font shape `T1/zi4/m/it' undefined
(Font)              using `T1/zi4/m/n' instead on input line 8.

[37]) (./Rd2.aux)

Package rerunfilecheck Warning: File `Rd2.out' has changed.
(rerunfilecheck)                Rerun to get outlines right
(rerunfilecheck)                or use package `bookmark'.


LaTeX Font Warning: Some font shapes were not available, defaults substituted.

 )
(see the transcript file for additional information)pdfTeX warning (dest): name
{Rfn.write.table} has been referenced but does not exist, replaced by a fixed o
ne

pdfTeX warning (dest): name{Rfn.zip} has been referenced but does not exist, re
placed by a fixed one

pdfTeX warning (dest): name{Rfn.read.table} has been referenced but does not ex
ist, replaced by a fixed one

{/usr/local/texlive/2018/texmf-dist/fonts/enc/dvips/inconsolata/i4-ts1.enc}{/us
r/local/texlive/2018/texmf-dist/fonts/enc/dvips/base/8r.enc}{/usr/local/texlive
/2018/texmf-dist/fonts/enc/dvips/inconsolata/i4-t1-0.enc}</usr/local/texlive/20
18/texmf-dist/fonts/type1/public/inconsolata/Inconsolata-zi4r.pfb></usr/local/t
exlive/2018/texmf-dist/fonts/type1/public/amsfonts/cm/cmsy10.pfb></usr/local/te
xlive/2018/texmf-dist/fonts/type1/urw/helvetic/uhvr8a.pfb></usr/local/texlive/2
018/texmf-dist/fonts/type1/urw/times/utmb8a.pfb></usr/local/texlive/2018/texmf-
dist/fonts/type1/urw/times/utmr8a.pfb></usr/local/texlive/2018/texmf-dist/fonts
/type1/urw/times/utmr8a.pfb></usr/local/texlive/2018/texmf-dist/fonts/type1/urw
/times/utmri8a.pfb>
Output written on Rd2.pdf (37 pages, 218328 bytes).
Transcript written on Rd2.log.
This is makeindex, version 2.15 [TeX Live 2018] (kpathsea + Thai support).
Scanning input file Rd2.idx....done (168 entries accepted, 0 rejected).
Sorting entries....done (1324 comparisons).
Generating output file Rd2.ind....done (145 lines written, 3 warnings).
Output written in Rd2.ind.
Transcript written in Rd2.ilg.
This is pdfTeX, Version 3.14159265-2.6-1.40.19 (TeX Live 2018) (preloaded format=pdflatex)
 restricted \write18 enabled.
entering extended mode
LaTeX2e <2018-04-01> patch level 2
Babel <3.18> and hyphenation patterns for 84 language(s) loaded.
(./Rd2.tex
(/usr/local/texlive/2018/texmf-dist/tex/latex/base/book.cls
Document Class: book 2014/09/29 v1.4h Standard LaTeX document class
(/usr/local/texlive/2018/texmf-dist/tex/latex/base/bk10.clo))
(/Library/Frameworks/R.framework/Resources/share/texmf/tex/latex/Rd.sty
(/usr/local/texlive/2018/texmf-dist/tex/latex/base/ifthen.sty)
(/usr/local/texlive/2018/texmf-dist/tex/latex/tools/longtable.sty)
(/usr/local/texlive/2018/texmf-dist/tex/latex/tools/bm.sty)
(/usr/local/texlive/2018/texmf-dist/tex/latex/base/alltt.sty)
(/usr/local/texlive/2018/texmf-dist/tex/latex/tools/verbatim.sty)
(/usr/local/texlive/2018/texmf-dist/tex/latex/url/url.sty)
(/usr/local/texlive/2018/texmf-dist/tex/latex/base/textcomp.sty
(/usr/local/texlive/2018/texmf-dist/tex/latex/base/ts1enc.def
(/usr/local/texlive/2018/texmf-dist/tex/latex/base/ts1enc.dfu)))
(/usr/local/texlive/2018/texmf-dist/tex/latex/base/fontenc.sty
(/usr/local/texlive/2018/texmf-dist/tex/latex/base/t1enc.def))
(/usr/local/texlive/2018/texmf-dist/tex/latex/psnfss/times.sty)
(/usr/local/texlive/2018/texmf-dist/tex/latex/inconsolata/zi4.sty
`inconsolata-zi4' v1.112, 2017/01/04 Text macros for Inconsolata (msharpe)
(/usr/local/texlive/2018/texmf-dist/tex/latex/xkeyval/xkeyval.sty
(/usr/local/texlive/2018/texmf-dist/tex/generic/xkeyval/xkeyval.tex
(/usr/local/texlive/2018/texmf-dist/tex/generic/xkeyval/xkvutils.tex
(/usr/local/texlive/2018/texmf-dist/tex/generic/xkeyval/keyval.tex)))))
(/usr/local/texlive/2018/texmf-dist/tex/latex/graphics/color.sty
(/usr/local/texlive/2018/texmf-dist/tex/latex/graphics-cfg/color.cfg)
(/usr/local/texlive/2018/texmf-dist/tex/latex/graphics-def/pdftex.def))
(/usr/local/texlive/2018/texmf-dist/tex/latex/hyperref/hyperref.sty
(/usr/local/texlive/2018/texmf-dist/tex/generic/oberdiek/hobsub-hyperref.sty
(/usr/local/texlive/2018/texmf-dist/tex/generic/oberdiek/hobsub-generic.sty))
(/usr/local/texlive/2018/texmf-dist/tex/generic/ifxetex/ifxetex.sty)
(/usr/local/texlive/2018/texmf-dist/tex/latex/oberdiek/auxhook.sty)
(/usr/local/texlive/2018/texmf-dist/tex/latex/oberdiek/kvoptions.sty)
(/usr/local/texlive/2018/texmf-dist/tex/latex/hyperref/pd1enc.def)
(/usr/local/texlive/2018/texmf-dist/tex/latex/latexconfig/hyperref.cfg))
(/usr/local/texlive/2018/texmf-dist/tex/latex/hyperref/hpdftex.def
(/usr/local/texlive/2018/texmf-dist/tex/latex/oberdiek/rerunfilecheck.sty))

Package hyperref Warning: Option `hyperindex' has already been used,
(hyperref)                setting the option has no effect on input line 366.


Package hyperref Warning: Option `pagebackref' has already been used,
(hyperref)                setting the option has no effect on input line 366.

) (/usr/local/texlive/2018/texmf-dist/tex/latex/base/makeidx.sty)
(/usr/local/texlive/2018/texmf-dist/tex/latex/base/inputenc.sty
(/usr/local/texlive/2018/texmf-dist/tex/latex/base/latin1.def))
(/usr/local/texlive/2018/texmf-dist/tex/latex/graphics/graphicx.sty
(/usr/local/texlive/2018/texmf-dist/tex/latex/graphics/graphics.sty
(/usr/local/texlive/2018/texmf-dist/tex/latex/graphics/trig.sty)
(/usr/local/texlive/2018/texmf-dist/tex/latex/graphics-cfg/graphics.cfg)))
Writing index file Rd2.idx
(./Rd2.aux) (/usr/local/texlive/2018/texmf-dist/tex/latex/base/ts1cmr.fd)
(/usr/local/texlive/2018/texmf-dist/tex/latex/psnfss/t1ptm.fd)
(/usr/local/texlive/2018/texmf-dist/tex/context/base/mkii/supp-pdf.mkii
[Loading MPS to PDF converter (version 2006.09.02).]
) (/usr/local/texlive/2018/texmf-dist/tex/latex/oberdiek/epstopdf-base.sty
(/usr/local/texlive/2018/texmf-dist/tex/latex/oberdiek/grfext.sty)
(/usr/local/texlive/2018/texmf-dist/tex/latex/latexconfig/epstopdf-sys.cfg))
(/usr/local/texlive/2018/texmf-dist/tex/latex/hyperref/nameref.sty
(/usr/local/texlive/2018/texmf-dist/tex/generic/oberdiek/gettitlestring.sty))
(./Rd2.out) (./Rd2.out)
(/usr/local/texlive/2018/texmf-dist/tex/latex/inconsolata/t1zi4.fd)
(/usr/local/texlive/2018/texmf-dist/tex/latex/psnfss/ts1ptm.fd)
(/usr/local/texlive/2018/texmf-dist/tex/latex/psnfss/t1phv.fd) (./Rd2.toc
[1{/usr/local/texlive/2018/texmf-var/fonts/map/pdftex/updmap/pdftex.map}])
(/usr/local/texlive/2018/texmf-dist/tex/latex/base/utf8.def) [2] [3]
(/usr/local/texlive/2018/texmf-dist/tex/latex/inconsolata/ts1zi4.fd) [4]
Underfull \vbox (badness 10000) has occurred while \output is active [5]
Underfull \vbox (badness 10000) has occurred while \output is active [6]
Underfull \vbox (badness 10000) has occurred while \output is active [7]
[8]
Overfull \hbox (3.45969pt too wide) in paragraph at lines 470--473
[]\T1/ptm/m/n/10 Other dataset func-tions: [][]\T1/zi4/m/n/10 delete.datasets[]
[][]\T1/ptm/m/n/10 , [][]\T1/zi4/m/n/10 download.intermediate.dataset[][][]\T1/
ptm/m/n/10 , [][]\T1/zi4/m/n/10 upload.dataset[][][]\T1/ptm/m/n/10 ,
[9]
Overfull \hbox (15.4797pt too wide) in paragraph at lines 535--538
[]\T1/ptm/m/n/10 Other dataset func-tions: [][]\T1/zi4/m/n/10 datasets[][][]\T1
/ptm/m/n/10 , [][]\T1/zi4/m/n/10 download.intermediate.dataset[][][]\T1/ptm/m/n
/10 , [][]\T1/zi4/m/n/10 upload.dataset[][][]\T1/ptm/m/n/10 , [][]\T1/zi4/m/n/1
0 workspace[][][] 
[10] [11]
Underfull \vbox (badness 10000) has occurred while \output is active [12]
Underfull \vbox (badness 10000) has occurred while \output is active [13]
Underfull \vbox (badness 10000) has occurred while \output is active [14]
[15]
Overfull \hbox (5.55907pt too wide) in paragraph at lines 892--895
\T1/zi4/m/n/10 readBin \T1/ptm/m/n/10 for the ZIP DataTypeId. For ex-am-ple, sp
ec-ify \T1/zi4/m/n/10 stringsAsFactors=TRUE
[16] [17] [18] [19] [20]
Overfull \hbox (1.9981pt too wide) in paragraph at lines 1154--1155
[]\T1/zi4/m/n/10 experiments(w) \T1/ptm/m/n/10 is equiv-a-lent to \T1/zi4/m/n/1
0 w$experiments\T1/ptm/m/n/10 . Since \T1/zi4/m/n/10 w$experiments \T1/ptm/m/n/
10 is sim-ply an R data.frame,
[21] [22] [23]
Overfull \hbox (113.1282pt too wide) in paragraph at lines 1304--1305
[]\T1/ptm/m/n/10 list of \T1/zi4/m/n/10 fun \T1/ptm/m/n/10 out-puts and AzureML
 types, for-mat-ted as \T1/zi4/m/n/10 list("output1"="type", "output2"="type", 
...)\T1/ptm/m/n/10 ,
[24] [25]
Underfull \vbox (badness 10000) has occurred while \output is active [26]
Underfull \vbox (badness 10000) has occurred while \output is active [27]
Underfull \vbox (badness 10000) has occurred while \output is active [28]
Underfull \vbox (badness 10000) has occurred while \output is active [29]
Overfull \hbox (18.17873pt too wide) in paragraph at lines 1644--1645
\T1/ptm/m/n/10 other ar-gu-ments are miss-ing. The de-fault con-fig file is \T1
/zi4/m/n/10 ~/.azureml/settings.json\T1/ptm/m/n/10 ,

Overfull \hbox (44.52931pt too wide) in paragraph at lines 1644--1645
\T1/ptm/m/n/10 but you can change this lo-ca-tion by set-ting \T1/zi4/m/n/10 op
tions(AzureML.config = "newlocation")\T1/ptm/m/n/10 .

Overfull \hbox (39.04773pt too wide) in paragraph at lines 1650--1651
[]\T1/ptm/m/n/10 Optional AzureML API web ser-vice URI. De-faults to \T1/zi4/m/
n/10 https://studioapi.azureml.net

Overfull \hbox (79.0379pt too wide) in paragraph at lines 1652--1653
[]\T1/ptm/m/n/10 Optional AzureML man-age-ment web ser-vice URI. De-faults to \
T1/zi4/m/n/10 https://management.azureml.net
[30]
Overfull \hbox (3.78674pt too wide) in paragraph at lines 1700--1702
[]\T1/ptm/m/n/10 Return a list of web ser-vices avail-able to the spec-i-fied M
i-crosoft Azure Ma-chine Learn-ing workspace.
[31] [32]
Overfull \hbox (20.4797pt too wide) in paragraph at lines 1807--1811
[]\T1/ptm/m/n/10 Other dataset func-tions: [][]\T1/zi4/m/n/10 datasets[][][]\T1
/ptm/m/n/10 , [][]\T1/zi4/m/n/10 delete.datasets[][][]\T1/ptm/m/n/10 , [][]\T1/
zi4/m/n/10 download.intermediate.dataset[][][]\T1/ptm/m/n/10 , [][]\T1/zi4/m/n/
10 workspace[][][] 
[33]
Overfull \hbox (39.04773pt too wide) in paragraph at lines 1853--1854
[]\T1/ptm/m/n/10 Optional AzureML API web ser-vice URI. De-faults to \T1/zi4/m/
n/10 https://studioapi.azureml.net

Overfull \hbox (79.0379pt too wide) in paragraph at lines 1855--1856
[]\T1/ptm/m/n/10 Optional AzureML man-age-ment web ser-vice URI. De-faults to \
T1/zi4/m/n/10 https://management.azureml.net

Overfull \hbox (18.17873pt too wide) in paragraph at lines 1857--1858
\T1/ptm/m/n/10 other ar-gu-ments are miss-ing. The de-fault con-fig file is \T1
/zi4/m/n/10 ~/.azureml/settings.json\T1/ptm/m/n/10 ,

Overfull \hbox (44.52931pt too wide) in paragraph at lines 1857--1858
\T1/ptm/m/n/10 but you can change this lo-ca-tion by set-ting \T1/zi4/m/n/10 op
tions(AzureML.config = "newlocation")\T1/ptm/m/n/10 .
[34] [35 </Users/b780620/Desktop/devel/gbm/revdep/checks.noindex/AzureML/old/Az
ureML.Rcheck/AzureML/help/figures/workspaceId.pdf> </Users/b780620/Desktop/deve
l/gbm/revdep/checks.noindex/AzureML/old/AzureML.Rcheck/AzureML/help/figures/aut
horizationToken.pdf

pdfTeX warning: pdflatex (file /Users/b780620/Desktop/devel/gbm/revdep/checks.n
oindex/AzureML/old/AzureML.Rcheck/AzureML/help/figures/authorizationToken.pdf):
 PDF inclusion: multiple pdfs with page group included in a single page
>]
Overfull \hbox (45.4797pt too wide) in paragraph at lines 1944--1948
[]\T1/ptm/m/n/10 Other dataset func-tions: [][]\T1/zi4/m/n/10 datasets[][][]\T1
/ptm/m/n/10 , [][]\T1/zi4/m/n/10 delete.datasets[][][]\T1/ptm/m/n/10 , [][]\T1/
zi4/m/n/10 download.intermediate.dataset[][][]\T1/ptm/m/n/10 , [][]\T1/zi4/m/n/
10 upload.dataset[][][] 
(./Rd2.ind [36]

LaTeX Font Warning: Font shape `T1/zi4/m/it' undefined
(Font)              using `T1/zi4/m/n' instead on input line 8.

[37]) (./Rd2.aux)

LaTeX Font Warning: Some font shapes were not available, defaults substituted.

 )
(see the transcript file for additional information)pdfTeX warning (dest): name
{Rfn.write.table} has been referenced but does not exist, replaced by a fixed o
ne

pdfTeX warning (dest): name{Rfn.zip} has been referenced but does not exist, re
placed by a fixed one

pdfTeX warning (dest): name{Rfn.read.table} has been referenced but does not ex
ist, replaced by a fixed one

{/usr/local/texlive/2018/texmf-dist/fonts/enc/dvips/inconsolata/i4-ts1.enc}{/us
r/local/texlive/2018/texmf-dist/fonts/enc/dvips/base/8r.enc}{/usr/local/texlive
/2018/texmf-dist/fonts/enc/dvips/inconsolata/i4-t1-0.enc}</usr/local/texlive/20
18/texmf-dist/fonts/type1/public/inconsolata/Inconsolata-zi4r.pfb></usr/local/t
exlive/2018/texmf-dist/fonts/type1/public/amsfonts/cm/cmsy10.pfb></usr/local/te
xlive/2018/texmf-dist/fonts/type1/urw/helvetic/uhvr8a.pfb></usr/local/texlive/2
018/texmf-dist/fonts/type1/urw/times/utmb8a.pfb></usr/local/texlive/2018/texmf-
dist/fonts/type1/urw/times/utmr8a.pfb></usr/local/texlive/2018/texmf-dist/fonts
/type1/urw/times/utmr8a.pfb></usr/local/texlive/2018/texmf-dist/fonts/type1/urw
/times/utmri8a.pfb>
Output written on Rd2.pdf (37 pages, 218920 bytes).
Transcript written on Rd2.log.
Saving output to ‘AzureML-manual.pdf’ ...
Done
You may want to clean up by 'rm -Rf /var/folders/24/k1n3dpcd2p5glqf8r4232qqc8k86md/T//RtmpDHrmc2/Rd2pdf933760d10d8f'
