Hmm ... looks like a package

This is pdfTeX, Version 3.14159265-2.6-1.40.19 (TeX Live 2018) (preloaded format=pdflatex)
 restricted \write18 enabled.
entering extended mode
LaTeX2e <2018-04-01> patch level 2
Babel <3.18> and hyphenation patterns for 84 language(s) loaded.
(./Rd2.tex
(/usr/local/texlive/2018/texmf-dist/tex/latex/base/book.cls
Document Class: book 2014/09/29 v1.4h Standard LaTeX document class
(/usr/local/texlive/2018/texmf-dist/tex/latex/base/bk10.clo))
(/Library/Frameworks/R.framework/Resources/share/texmf/tex/latex/Rd.sty
(/usr/local/texlive/2018/texmf-dist/tex/latex/base/ifthen.sty)
(/usr/local/texlive/2018/texmf-dist/tex/latex/tools/longtable.sty)
(/usr/local/texlive/2018/texmf-dist/tex/latex/tools/bm.sty)
(/usr/local/texlive/2018/texmf-dist/tex/latex/base/alltt.sty)
(/usr/local/texlive/2018/texmf-dist/tex/latex/tools/verbatim.sty)
(/usr/local/texlive/2018/texmf-dist/tex/latex/url/url.sty)
(/usr/local/texlive/2018/texmf-dist/tex/latex/base/textcomp.sty
(/usr/local/texlive/2018/texmf-dist/tex/latex/base/ts1enc.def
(/usr/local/texlive/2018/texmf-dist/tex/latex/base/ts1enc.dfu)))
(/usr/local/texlive/2018/texmf-dist/tex/latex/base/fontenc.sty
(/usr/local/texlive/2018/texmf-dist/tex/latex/base/t1enc.def))
(/usr/local/texlive/2018/texmf-dist/tex/latex/psnfss/times.sty)
(/usr/local/texlive/2018/texmf-dist/tex/latex/inconsolata/zi4.sty
`inconsolata-zi4' v1.112, 2017/01/04 Text macros for Inconsolata (msharpe)
(/usr/local/texlive/2018/texmf-dist/tex/latex/xkeyval/xkeyval.sty
(/usr/local/texlive/2018/texmf-dist/tex/generic/xkeyval/xkeyval.tex
(/usr/local/texlive/2018/texmf-dist/tex/generic/xkeyval/xkvutils.tex
(/usr/local/texlive/2018/texmf-dist/tex/generic/xkeyval/keyval.tex)))))
(/usr/local/texlive/2018/texmf-dist/tex/latex/graphics/color.sty
(/usr/local/texlive/2018/texmf-dist/tex/latex/graphics-cfg/color.cfg)
(/usr/local/texlive/2018/texmf-dist/tex/latex/graphics-def/pdftex.def))
(/usr/local/texlive/2018/texmf-dist/tex/latex/hyperref/hyperref.sty
(/usr/local/texlive/2018/texmf-dist/tex/generic/oberdiek/hobsub-hyperref.sty
(/usr/local/texlive/2018/texmf-dist/tex/generic/oberdiek/hobsub-generic.sty))
(/usr/local/texlive/2018/texmf-dist/tex/generic/ifxetex/ifxetex.sty)
(/usr/local/texlive/2018/texmf-dist/tex/latex/oberdiek/auxhook.sty)
(/usr/local/texlive/2018/texmf-dist/tex/latex/oberdiek/kvoptions.sty)
(/usr/local/texlive/2018/texmf-dist/tex/latex/hyperref/pd1enc.def)
(/usr/local/texlive/2018/texmf-dist/tex/latex/latexconfig/hyperref.cfg))
(/usr/local/texlive/2018/texmf-dist/tex/latex/hyperref/hpdftex.def
(/usr/local/texlive/2018/texmf-dist/tex/latex/oberdiek/rerunfilecheck.sty))

Package hyperref Warning: Option `hyperindex' has already been used,
(hyperref)                setting the option has no effect on input line 366.


Package hyperref Warning: Option `pagebackref' has already been used,
(hyperref)                setting the option has no effect on input line 366.

) (/usr/local/texlive/2018/texmf-dist/tex/latex/base/makeidx.sty)
(/usr/local/texlive/2018/texmf-dist/tex/latex/base/inputenc.sty
(/usr/local/texlive/2018/texmf-dist/tex/latex/base/latin1.def))
Writing index file Rd2.idx
No file Rd2.aux.
(/usr/local/texlive/2018/texmf-dist/tex/latex/base/ts1cmr.fd)
(/usr/local/texlive/2018/texmf-dist/tex/latex/psnfss/t1ptm.fd)
(/usr/local/texlive/2018/texmf-dist/tex/context/base/mkii/supp-pdf.mkii
[Loading MPS to PDF converter (version 2006.09.02).]
) (/usr/local/texlive/2018/texmf-dist/tex/latex/hyperref/nameref.sty
(/usr/local/texlive/2018/texmf-dist/tex/generic/oberdiek/gettitlestring.sty))
(/usr/local/texlive/2018/texmf-dist/tex/latex/inconsolata/t1zi4.fd)
(/usr/local/texlive/2018/texmf-dist/tex/latex/psnfss/ts1ptm.fd) [1{/usr/local/t
exlive/2018/texmf-var/fonts/map/pdftex/updmap/pdftex.map}]
(/usr/local/texlive/2018/texmf-dist/tex/latex/psnfss/t1phv.fd)
(/usr/local/texlive/2018/texmf-dist/tex/latex/base/utf8.def) [2] [3] [4]
[5] [6] [7] [8] [9] [10]
(/usr/local/texlive/2018/texmf-dist/tex/latex/inconsolata/ts1zi4.fd) [11]
[12] [13]
Overfull \hbox (1.55612pt too wide) in paragraph at lines 776--778
[]\T1/ptm/m/n/10 Extract model pa-ram-e-ters from an ARIMA model cre-ated us-in
g the arima(), Arima(), or auto.arima()
[14] [15] [16] [17] [18] [19] [20] [21] [22] [23] [24] [25] [26] [27] [28]
[29] [30] [31] [32] [33] [34] [35] [36] [37] [38] [39] [40] [41] [42] [43]
[44] [45] [46] [47] [48] [49] [50] [51] [52] [53] [54]
Overfull \hbox (11.27475pt too wide) in paragraph at lines 3266--3266
 []\T1/zi4/m/n/9 toy_model <- read_pfa(\TS1/zi4/m/n/9 '\T1/zi4/m/n/9 {"input":"
double","output":"double","action":[{"+":["input",10]}]}\TS1/zi4/m/n/9 '\T1/zi4
/m/n/9 )[] 

Overfull \hbox (5.26248pt too wide) in paragraph at lines 3269--3269
 []\T1/zi4/m/n/9 local_model <- read_pfa(file(system.file("extdata", "my-model.
pfa", package = "aurelius")))[] 
[55]
No file Rd2.ind.
[56] (./Rd2.aux)

Package rerunfilecheck Warning: File `Rd2.out' has changed.
(rerunfilecheck)                Rerun to get outlines right
(rerunfilecheck)                or use package `bookmark'.

 )
(see the transcript file for additional information)pdfTeX warning (dest): name
{Rfn.rpart} has been referenced but does not exist, replaced by a fixed one

pdfTeX warning (dest): name{Rfn.randomForest} has been referenced but does not 
exist, replaced by a fixed one

pdfTeX warning (dest): name{Rfn.naiveBayes} has been referenced but does not ex
ist, replaced by a fixed one

pdfTeX warning (dest): name{Rfn.lm} has been referenced but does not exist, rep
laced by a fixed one

pdfTeX warning (dest): name{Rfn.lda} has been referenced but does not exist, re
placed by a fixed one

pdfTeX warning (dest): name{Rfn.knnreg} has been referenced but does not exist,
 replaced by a fixed one

pdfTeX warning (dest): name{Rfn.knn3} has been referenced but does not exist, r
eplaced by a fixed one

pdfTeX warning (dest): name{Rfn.kmeans} has been referenced but does not exist,
 replaced by a fixed one

pdfTeX warning (dest): name{Rfn.kcca} has been referenced but does not exist, r
eplaced by a fixed one

pdfTeX warning (dest): name{Rfn.ipredknn} has been referenced but does not exis
t, replaced by a fixed one

pdfTeX warning (dest): name{Rfn.HoltWinters} has been referenced but does not e
xist, replaced by a fixed one

pdfTeX warning (dest): name{Rfn.glm} has been referenced but does not exist, re
placed by a fixed one

pdfTeX warning (dest): name{Rfn.gbm} has been referenced but does not exist, re
placed by a fixed one

pdfTeX warning (dest): name{Rfn.hw} has been referenced but does not exist, rep
laced by a fixed one

pdfTeX warning (dest): name{Rfn.ses} has been referenced but does not exist, re
placed by a fixed one

pdfTeX warning (dest): name{Rfn.holt} has been referenced but does not exist, r
eplaced by a fixed one

pdfTeX warning (dest): name{Rfn.ets} has been referenced but does not exist, re
placed by a fixed one

pdfTeX warning (dest): name{Rfn.glmnet} has been referenced but does not exist,
 replaced by a fixed one

pdfTeX warning (dest): name{Rfn.arima} has been referenced but does not exist, 
replaced by a fixed one

pdfTeX warning (dest): name{Rfn.auto.arima} has been referenced but does not ex
ist, replaced by a fixed one

pdfTeX warning (dest): name{Rfn.Arima} has been referenced but does not exist, 
replaced by a fixed one

pdfTeX warning (dest): name{Rfn.forecast} has been referenced but does not exis
t, replaced by a fixed one

pdfTeX warning (dest): name{Rfn.predict} has been referenced but does not exist
, replaced by a fixed one

{/usr/local/texlive/2018/texmf-dist/fonts/enc/dvips/inconsolata/i4-ts1.enc}{/us
r/local/texlive/2018/texmf-dist/fonts/enc/dvips/base/8r.enc}{/usr/local/texlive
/2018/texmf-dist/fonts/enc/dvips/inconsolata/i4-t1-0.enc}</usr/local/texlive/20
18/texmf-dist/fonts/type1/public/inconsolata/Inconsolata-zi4r.pfb></usr/local/t
exlive/2018/texmf-dist/fonts/type1/urw/helvetic/uhvr8a.pfb></usr/local/texlive/
2018/texmf-dist/fonts/type1/urw/times/utmb8a.pfb></usr/local/texlive/2018/texmf
-dist/fonts/type1/urw/times/utmr8a.pfb></usr/local/texlive/2018/texmf-dist/font
s/type1/urw/times/utmr8a.pfb></usr/local/texlive/2018/texmf-dist/fonts/type1/ur
w/times/utmri8a.pfb>
Output written on Rd2.pdf (56 pages, 184361 bytes).
Transcript written on Rd2.log.
This is makeindex, version 2.15 [TeX Live 2018] (kpathsea + Thai support).
Scanning input file Rd2.idx....done (134 entries accepted, 0 rejected).
Sorting entries....done (1028 comparisons).
Generating output file Rd2.ind....done (181 lines written, 1 warning).
Output written in Rd2.ind.
Transcript written in Rd2.ilg.
This is pdfTeX, Version 3.14159265-2.6-1.40.19 (TeX Live 2018) (preloaded format=pdflatex)
 restricted \write18 enabled.
entering extended mode
LaTeX2e <2018-04-01> patch level 2
Babel <3.18> and hyphenation patterns for 84 language(s) loaded.
(./Rd2.tex
(/usr/local/texlive/2018/texmf-dist/tex/latex/base/book.cls
Document Class: book 2014/09/29 v1.4h Standard LaTeX document class
(/usr/local/texlive/2018/texmf-dist/tex/latex/base/bk10.clo))
(/Library/Frameworks/R.framework/Resources/share/texmf/tex/latex/Rd.sty
(/usr/local/texlive/2018/texmf-dist/tex/latex/base/ifthen.sty)
(/usr/local/texlive/2018/texmf-dist/tex/latex/tools/longtable.sty)
(/usr/local/texlive/2018/texmf-dist/tex/latex/tools/bm.sty)
(/usr/local/texlive/2018/texmf-dist/tex/latex/base/alltt.sty)
(/usr/local/texlive/2018/texmf-dist/tex/latex/tools/verbatim.sty)
(/usr/local/texlive/2018/texmf-dist/tex/latex/url/url.sty)
(/usr/local/texlive/2018/texmf-dist/tex/latex/base/textcomp.sty
(/usr/local/texlive/2018/texmf-dist/tex/latex/base/ts1enc.def
(/usr/local/texlive/2018/texmf-dist/tex/latex/base/ts1enc.dfu)))
(/usr/local/texlive/2018/texmf-dist/tex/latex/base/fontenc.sty
(/usr/local/texlive/2018/texmf-dist/tex/latex/base/t1enc.def))
(/usr/local/texlive/2018/texmf-dist/tex/latex/psnfss/times.sty)
(/usr/local/texlive/2018/texmf-dist/tex/latex/inconsolata/zi4.sty
`inconsolata-zi4' v1.112, 2017/01/04 Text macros for Inconsolata (msharpe)
(/usr/local/texlive/2018/texmf-dist/tex/latex/xkeyval/xkeyval.sty
(/usr/local/texlive/2018/texmf-dist/tex/generic/xkeyval/xkeyval.tex
(/usr/local/texlive/2018/texmf-dist/tex/generic/xkeyval/xkvutils.tex
(/usr/local/texlive/2018/texmf-dist/tex/generic/xkeyval/keyval.tex)))))
(/usr/local/texlive/2018/texmf-dist/tex/latex/graphics/color.sty
(/usr/local/texlive/2018/texmf-dist/tex/latex/graphics-cfg/color.cfg)
(/usr/local/texlive/2018/texmf-dist/tex/latex/graphics-def/pdftex.def))
(/usr/local/texlive/2018/texmf-dist/tex/latex/hyperref/hyperref.sty
(/usr/local/texlive/2018/texmf-dist/tex/generic/oberdiek/hobsub-hyperref.sty
(/usr/local/texlive/2018/texmf-dist/tex/generic/oberdiek/hobsub-generic.sty))
(/usr/local/texlive/2018/texmf-dist/tex/generic/ifxetex/ifxetex.sty)
(/usr/local/texlive/2018/texmf-dist/tex/latex/oberdiek/auxhook.sty)
(/usr/local/texlive/2018/texmf-dist/tex/latex/oberdiek/kvoptions.sty)
(/usr/local/texlive/2018/texmf-dist/tex/latex/hyperref/pd1enc.def)
(/usr/local/texlive/2018/texmf-dist/tex/latex/latexconfig/hyperref.cfg))
(/usr/local/texlive/2018/texmf-dist/tex/latex/hyperref/hpdftex.def
(/usr/local/texlive/2018/texmf-dist/tex/latex/oberdiek/rerunfilecheck.sty))

Package hyperref Warning: Option `hyperindex' has already been used,
(hyperref)                setting the option has no effect on input line 366.


Package hyperref Warning: Option `pagebackref' has already been used,
(hyperref)                setting the option has no effect on input line 366.

) (/usr/local/texlive/2018/texmf-dist/tex/latex/base/makeidx.sty)
(/usr/local/texlive/2018/texmf-dist/tex/latex/base/inputenc.sty
(/usr/local/texlive/2018/texmf-dist/tex/latex/base/latin1.def))
Writing index file Rd2.idx
(./Rd2.aux) (/usr/local/texlive/2018/texmf-dist/tex/latex/base/ts1cmr.fd)
(/usr/local/texlive/2018/texmf-dist/tex/latex/psnfss/t1ptm.fd)
(/usr/local/texlive/2018/texmf-dist/tex/context/base/mkii/supp-pdf.mkii
[Loading MPS to PDF converter (version 2006.09.02).]
) (/usr/local/texlive/2018/texmf-dist/tex/latex/hyperref/nameref.sty
(/usr/local/texlive/2018/texmf-dist/tex/generic/oberdiek/gettitlestring.sty))
(./Rd2.out) (./Rd2.out)
(/usr/local/texlive/2018/texmf-dist/tex/latex/inconsolata/t1zi4.fd)
(/usr/local/texlive/2018/texmf-dist/tex/latex/psnfss/ts1ptm.fd) [1{/usr/local/t
exlive/2018/texmf-var/fonts/map/pdftex/updmap/pdftex.map}]
(/usr/local/texlive/2018/texmf-dist/tex/latex/psnfss/t1phv.fd) (./Rd2.toc
[2]) (/usr/local/texlive/2018/texmf-dist/tex/latex/base/utf8.def) [3] [4]
[5] [6] [7] [8] [9] [10] [11]
(/usr/local/texlive/2018/texmf-dist/tex/latex/inconsolata/ts1zi4.fd) [12]
[13] [14]
Overfull \hbox (1.55612pt too wide) in paragraph at lines 776--778
[]\T1/ptm/m/n/10 Extract model pa-ram-e-ters from an ARIMA model cre-ated us-in
g the arima(), Arima(), or auto.arima()
[15] [16] [17] [18] [19] [20] [21] [22] [23] [24] [25] [26] [27] [28] [29]
[30] [31] [32] [33] [34] [35] [36] [37] [38] [39] [40] [41] [42] [43] [44]
[45] [46] [47] [48] [49] [50] [51] [52] [53] [54] [55]
Overfull \hbox (11.27475pt too wide) in paragraph at lines 3266--3266
 []\T1/zi4/m/n/9 toy_model <- read_pfa(\TS1/zi4/m/n/9 '\T1/zi4/m/n/9 {"input":"
double","output":"double","action":[{"+":["input",10]}]}\TS1/zi4/m/n/9 '\T1/zi4
/m/n/9 )[] 

Overfull \hbox (5.26248pt too wide) in paragraph at lines 3269--3269
 []\T1/zi4/m/n/9 local_model <- read_pfa(file(system.file("extdata", "my-model.
pfa", package = "aurelius")))[] 
[56] (./Rd2.ind [57]

LaTeX Font Warning: Font shape `T1/zi4/m/it' undefined
(Font)              using `T1/zi4/m/n' instead on input line 18.

[58] [59]) (./Rd2.aux)

Package rerunfilecheck Warning: File `Rd2.out' has changed.
(rerunfilecheck)                Rerun to get outlines right
(rerunfilecheck)                or use package `bookmark'.


LaTeX Font Warning: Some font shapes were not available, defaults substituted.

 )
(see the transcript file for additional information)pdfTeX warning (dest): name
{Rfn.rpart} has been referenced but does not exist, replaced by a fixed one

pdfTeX warning (dest): name{Rfn.randomForest} has been referenced but does not 
exist, replaced by a fixed one

pdfTeX warning (dest): name{Rfn.naiveBayes} has been referenced but does not ex
ist, replaced by a fixed one

pdfTeX warning (dest): name{Rfn.lm} has been referenced but does not exist, rep
laced by a fixed one

pdfTeX warning (dest): name{Rfn.lda} has been referenced but does not exist, re
placed by a fixed one

pdfTeX warning (dest): name{Rfn.knnreg} has been referenced but does not exist,
 replaced by a fixed one

pdfTeX warning (dest): name{Rfn.knn3} has been referenced but does not exist, r
eplaced by a fixed one

pdfTeX warning (dest): name{Rfn.kmeans} has been referenced but does not exist,
 replaced by a fixed one

pdfTeX warning (dest): name{Rfn.kcca} has been referenced but does not exist, r
eplaced by a fixed one

pdfTeX warning (dest): name{Rfn.ipredknn} has been referenced but does not exis
t, replaced by a fixed one

pdfTeX warning (dest): name{Rfn.HoltWinters} has been referenced but does not e
xist, replaced by a fixed one

pdfTeX warning (dest): name{Rfn.glm} has been referenced but does not exist, re
placed by a fixed one

pdfTeX warning (dest): name{Rfn.gbm} has been referenced but does not exist, re
placed by a fixed one

pdfTeX warning (dest): name{Rfn.hw} has been referenced but does not exist, rep
laced by a fixed one

pdfTeX warning (dest): name{Rfn.ses} has been referenced but does not exist, re
placed by a fixed one

pdfTeX warning (dest): name{Rfn.holt} has been referenced but does not exist, r
eplaced by a fixed one

pdfTeX warning (dest): name{Rfn.ets} has been referenced but does not exist, re
placed by a fixed one

pdfTeX warning (dest): name{Rfn.glmnet} has been referenced but does not exist,
 replaced by a fixed one

pdfTeX warning (dest): name{Rfn.arima} has been referenced but does not exist, 
replaced by a fixed one

pdfTeX warning (dest): name{Rfn.auto.arima} has been referenced but does not ex
ist, replaced by a fixed one

pdfTeX warning (dest): name{Rfn.Arima} has been referenced but does not exist, 
replaced by a fixed one

pdfTeX warning (dest): name{Rfn.forecast} has been referenced but does not exis
t, replaced by a fixed one

pdfTeX warning (dest): name{Rfn.predict} has been referenced but does not exist
, replaced by a fixed one

{/usr/local/texlive/2018/texmf-dist/fonts/enc/dvips/inconsolata/i4-ts1.enc}{/us
r/local/texlive/2018/texmf-dist/fonts/enc/dvips/base/8r.enc}{/usr/local/texlive
/2018/texmf-dist/fonts/enc/dvips/inconsolata/i4-t1-0.enc}</usr/local/texlive/20
18/texmf-dist/fonts/type1/public/inconsolata/Inconsolata-zi4r.pfb></usr/local/t
exlive/2018/texmf-dist/fonts/type1/public/amsfonts/cm/cmsy10.pfb></usr/local/te
xlive/2018/texmf-dist/fonts/type1/urw/helvetic/uhvr8a.pfb></usr/local/texlive/2
018/texmf-dist/fonts/type1/urw/times/utmb8a.pfb></usr/local/texlive/2018/texmf-
dist/fonts/type1/urw/times/utmr8a.pfb></usr/local/texlive/2018/texmf-dist/fonts
/type1/urw/times/utmr8a.pfb></usr/local/texlive/2018/texmf-dist/fonts/type1/urw
/times/utmri8a.pfb>
Output written on Rd2.pdf (59 pages, 208939 bytes).
Transcript written on Rd2.log.
This is makeindex, version 2.15 [TeX Live 2018] (kpathsea + Thai support).
Scanning input file Rd2.idx....done (134 entries accepted, 0 rejected).
Sorting entries....done (1028 comparisons).
Generating output file Rd2.ind....done (181 lines written, 1 warning).
Output written in Rd2.ind.
Transcript written in Rd2.ilg.
This is pdfTeX, Version 3.14159265-2.6-1.40.19 (TeX Live 2018) (preloaded format=pdflatex)
 restricted \write18 enabled.
entering extended mode
LaTeX2e <2018-04-01> patch level 2
Babel <3.18> and hyphenation patterns for 84 language(s) loaded.
(./Rd2.tex
(/usr/local/texlive/2018/texmf-dist/tex/latex/base/book.cls
Document Class: book 2014/09/29 v1.4h Standard LaTeX document class
(/usr/local/texlive/2018/texmf-dist/tex/latex/base/bk10.clo))
(/Library/Frameworks/R.framework/Resources/share/texmf/tex/latex/Rd.sty
(/usr/local/texlive/2018/texmf-dist/tex/latex/base/ifthen.sty)
(/usr/local/texlive/2018/texmf-dist/tex/latex/tools/longtable.sty)
(/usr/local/texlive/2018/texmf-dist/tex/latex/tools/bm.sty)
(/usr/local/texlive/2018/texmf-dist/tex/latex/base/alltt.sty)
(/usr/local/texlive/2018/texmf-dist/tex/latex/tools/verbatim.sty)
(/usr/local/texlive/2018/texmf-dist/tex/latex/url/url.sty)
(/usr/local/texlive/2018/texmf-dist/tex/latex/base/textcomp.sty
(/usr/local/texlive/2018/texmf-dist/tex/latex/base/ts1enc.def
(/usr/local/texlive/2018/texmf-dist/tex/latex/base/ts1enc.dfu)))
(/usr/local/texlive/2018/texmf-dist/tex/latex/base/fontenc.sty
(/usr/local/texlive/2018/texmf-dist/tex/latex/base/t1enc.def))
(/usr/local/texlive/2018/texmf-dist/tex/latex/psnfss/times.sty)
(/usr/local/texlive/2018/texmf-dist/tex/latex/inconsolata/zi4.sty
`inconsolata-zi4' v1.112, 2017/01/04 Text macros for Inconsolata (msharpe)
(/usr/local/texlive/2018/texmf-dist/tex/latex/xkeyval/xkeyval.sty
(/usr/local/texlive/2018/texmf-dist/tex/generic/xkeyval/xkeyval.tex
(/usr/local/texlive/2018/texmf-dist/tex/generic/xkeyval/xkvutils.tex
(/usr/local/texlive/2018/texmf-dist/tex/generic/xkeyval/keyval.tex)))))
(/usr/local/texlive/2018/texmf-dist/tex/latex/graphics/color.sty
(/usr/local/texlive/2018/texmf-dist/tex/latex/graphics-cfg/color.cfg)
(/usr/local/texlive/2018/texmf-dist/tex/latex/graphics-def/pdftex.def))
(/usr/local/texlive/2018/texmf-dist/tex/latex/hyperref/hyperref.sty
(/usr/local/texlive/2018/texmf-dist/tex/generic/oberdiek/hobsub-hyperref.sty
(/usr/local/texlive/2018/texmf-dist/tex/generic/oberdiek/hobsub-generic.sty))
(/usr/local/texlive/2018/texmf-dist/tex/generic/ifxetex/ifxetex.sty)
(/usr/local/texlive/2018/texmf-dist/tex/latex/oberdiek/auxhook.sty)
(/usr/local/texlive/2018/texmf-dist/tex/latex/oberdiek/kvoptions.sty)
(/usr/local/texlive/2018/texmf-dist/tex/latex/hyperref/pd1enc.def)
(/usr/local/texlive/2018/texmf-dist/tex/latex/latexconfig/hyperref.cfg))
(/usr/local/texlive/2018/texmf-dist/tex/latex/hyperref/hpdftex.def
(/usr/local/texlive/2018/texmf-dist/tex/latex/oberdiek/rerunfilecheck.sty))

Package hyperref Warning: Option `hyperindex' has already been used,
(hyperref)                setting the option has no effect on input line 366.


Package hyperref Warning: Option `pagebackref' has already been used,
(hyperref)                setting the option has no effect on input line 366.

) (/usr/local/texlive/2018/texmf-dist/tex/latex/base/makeidx.sty)
(/usr/local/texlive/2018/texmf-dist/tex/latex/base/inputenc.sty
(/usr/local/texlive/2018/texmf-dist/tex/latex/base/latin1.def))
Writing index file Rd2.idx
(./Rd2.aux) (/usr/local/texlive/2018/texmf-dist/tex/latex/base/ts1cmr.fd)
(/usr/local/texlive/2018/texmf-dist/tex/latex/psnfss/t1ptm.fd)
(/usr/local/texlive/2018/texmf-dist/tex/context/base/mkii/supp-pdf.mkii
[Loading MPS to PDF converter (version 2006.09.02).]
) (/usr/local/texlive/2018/texmf-dist/tex/latex/hyperref/nameref.sty
(/usr/local/texlive/2018/texmf-dist/tex/generic/oberdiek/gettitlestring.sty))
(./Rd2.out) (./Rd2.out)
(/usr/local/texlive/2018/texmf-dist/tex/latex/inconsolata/t1zi4.fd)
(/usr/local/texlive/2018/texmf-dist/tex/latex/psnfss/ts1ptm.fd) [1{/usr/local/t
exlive/2018/texmf-var/fonts/map/pdftex/updmap/pdftex.map}]
(/usr/local/texlive/2018/texmf-dist/tex/latex/psnfss/t1phv.fd) (./Rd2.toc
[2]) (/usr/local/texlive/2018/texmf-dist/tex/latex/base/utf8.def) [3] [4]
[5] [6] [7] [8] [9] [10] [11]
(/usr/local/texlive/2018/texmf-dist/tex/latex/inconsolata/ts1zi4.fd) [12]
[13] [14]
Overfull \hbox (1.55612pt too wide) in paragraph at lines 776--778
[]\T1/ptm/m/n/10 Extract model pa-ram-e-ters from an ARIMA model cre-ated us-in
g the arima(), Arima(), or auto.arima()
[15] [16] [17] [18] [19] [20] [21] [22] [23] [24] [25] [26] [27] [28] [29]
[30] [31] [32] [33] [34] [35] [36] [37] [38] [39] [40] [41] [42] [43] [44]
[45] [46] [47] [48] [49] [50] [51] [52] [53] [54] [55]
Overfull \hbox (11.27475pt too wide) in paragraph at lines 3266--3266
 []\T1/zi4/m/n/9 toy_model <- read_pfa(\TS1/zi4/m/n/9 '\T1/zi4/m/n/9 {"input":"
double","output":"double","action":[{"+":["input",10]}]}\TS1/zi4/m/n/9 '\T1/zi4
/m/n/9 )[] 

Overfull \hbox (5.26248pt too wide) in paragraph at lines 3269--3269
 []\T1/zi4/m/n/9 local_model <- read_pfa(file(system.file("extdata", "my-model.
pfa", package = "aurelius")))[] 
[56] (./Rd2.ind [57]

LaTeX Font Warning: Font shape `T1/zi4/m/it' undefined
(Font)              using `T1/zi4/m/n' instead on input line 18.

[58] [59]) (./Rd2.aux)

LaTeX Font Warning: Some font shapes were not available, defaults substituted.

 )
(see the transcript file for additional information)pdfTeX warning (dest): name
{Rfn.rpart} has been referenced but does not exist, replaced by a fixed one

pdfTeX warning (dest): name{Rfn.randomForest} has been referenced but does not 
exist, replaced by a fixed one

pdfTeX warning (dest): name{Rfn.naiveBayes} has been referenced but does not ex
ist, replaced by a fixed one

pdfTeX warning (dest): name{Rfn.lm} has been referenced but does not exist, rep
laced by a fixed one

pdfTeX warning (dest): name{Rfn.lda} has been referenced but does not exist, re
placed by a fixed one

pdfTeX warning (dest): name{Rfn.knnreg} has been referenced but does not exist,
 replaced by a fixed one

pdfTeX warning (dest): name{Rfn.knn3} has been referenced but does not exist, r
eplaced by a fixed one

pdfTeX warning (dest): name{Rfn.kmeans} has been referenced but does not exist,
 replaced by a fixed one

pdfTeX warning (dest): name{Rfn.kcca} has been referenced but does not exist, r
eplaced by a fixed one

pdfTeX warning (dest): name{Rfn.ipredknn} has been referenced but does not exis
t, replaced by a fixed one

pdfTeX warning (dest): name{Rfn.HoltWinters} has been referenced but does not e
xist, replaced by a fixed one

pdfTeX warning (dest): name{Rfn.glm} has been referenced but does not exist, re
placed by a fixed one

pdfTeX warning (dest): name{Rfn.gbm} has been referenced but does not exist, re
placed by a fixed one

pdfTeX warning (dest): name{Rfn.hw} has been referenced but does not exist, rep
laced by a fixed one

pdfTeX warning (dest): name{Rfn.ses} has been referenced but does not exist, re
placed by a fixed one

pdfTeX warning (dest): name{Rfn.holt} has been referenced but does not exist, r
eplaced by a fixed one

pdfTeX warning (dest): name{Rfn.ets} has been referenced but does not exist, re
placed by a fixed one

pdfTeX warning (dest): name{Rfn.glmnet} has been referenced but does not exist,
 replaced by a fixed one

pdfTeX warning (dest): name{Rfn.arima} has been referenced but does not exist, 
replaced by a fixed one

pdfTeX warning (dest): name{Rfn.auto.arima} has been referenced but does not ex
ist, replaced by a fixed one

pdfTeX warning (dest): name{Rfn.Arima} has been referenced but does not exist, 
replaced by a fixed one

pdfTeX warning (dest): name{Rfn.forecast} has been referenced but does not exis
t, replaced by a fixed one

pdfTeX warning (dest): name{Rfn.predict} has been referenced but does not exist
, replaced by a fixed one

{/usr/local/texlive/2018/texmf-dist/fonts/enc/dvips/inconsolata/i4-ts1.enc}{/us
r/local/texlive/2018/texmf-dist/fonts/enc/dvips/base/8r.enc}{/usr/local/texlive
/2018/texmf-dist/fonts/enc/dvips/inconsolata/i4-t1-0.enc}</usr/local/texlive/20
18/texmf-dist/fonts/type1/public/inconsolata/Inconsolata-zi4r.pfb></usr/local/t
exlive/2018/texmf-dist/fonts/type1/public/amsfonts/cm/cmsy10.pfb></usr/local/te
xlive/2018/texmf-dist/fonts/type1/urw/helvetic/uhvr8a.pfb></usr/local/texlive/2
018/texmf-dist/fonts/type1/urw/times/utmb8a.pfb></usr/local/texlive/2018/texmf-
dist/fonts/type1/urw/times/utmr8a.pfb></usr/local/texlive/2018/texmf-dist/fonts
/type1/urw/times/utmr8a.pfb></usr/local/texlive/2018/texmf-dist/fonts/type1/urw
/times/utmri8a.pfb>
Output written on Rd2.pdf (59 pages, 209859 bytes).
Transcript written on Rd2.log.
Saving output to ‘aurelius-manual.pdf’ ...
Done
You may want to clean up by 'rm -Rf /var/folders/24/k1n3dpcd2p5glqf8r4232qqc8k86md/T//RtmpZfleh0/Rd2pdf8ea34b319ada'
