* installing *source* package ‘BigTSP’ ...
** package ‘BigTSP’ successfully unpacked and MD5 sums checked
** using staged installation
** R
** byte-compile and prepare package for lazy loading
Registered S3 method overwritten by 'cli':
  method     from
  print.tree tree
** help
*** installing help indices
** building package indices
** testing if installed package can be loaded from temporary location
Registered S3 method overwritten by 'cli':
  method     from
  print.tree tree
** testing if installed package can be loaded from final location
Registered S3 method overwritten by 'cli':
  method     from
  print.tree tree
** testing if installed package keeps a record of temporary installation path
* DONE (BigTSP)
