* installing *source* package ‘mboost’ ...
** package ‘mboost’ successfully unpacked and MD5 sums checked
** using staged installation
** libs
gcc-9 -I"/Library/Frameworks/R.framework/Resources/include" -DNDEBUG   -I/usr/local/include   -fPIC  -mtune=native -g -O2 -Wall -pedantic -Wconversion -c init.c -o init.o
gcc-9 -I"/Library/Frameworks/R.framework/Resources/include" -DNDEBUG   -I/usr/local/include   -fPIC  -mtune=native -g -O2 -Wall -pedantic -Wconversion -c mboost.c -o mboost.o
gcc-9 -dynamiclib -Wl,-headerpad_max_install_names -undefined dynamic_lookup -single_module -multiply_defined suppress -L/Library/Frameworks/R.framework/Resources/lib -L/usr/local/lib -o mboost.so init.o mboost.o -L/Library/Frameworks/R.framework/Resources/lib -lRblas -L/usr/local/Cellar/gcc/9.2.0_3/lib/gcc/9 -F/Library/Frameworks/R.framework/.. -framework R -Wl,-framework -Wl,CoreFoundation
installing to /Users/b780620/Desktop/devel/gbm/revdep/checks.noindex/mboost/new/mboost.Rcheck/00LOCK-mboost/00new/mboost/libs
** R
** inst
** byte-compile and prepare package for lazy loading
** help
*** installing help indices
** building package indices
** installing vignettes
** testing if installed package can be loaded from temporary location
** checking absolute paths in shared objects and dynamic libraries
** testing if installed package can be loaded from final location
** testing if installed package keeps a record of temporary installation path
* DONE (mboost)
