* installing *source* package ‘ecospat’ ...
** package ‘ecospat’ successfully unpacked and MD5 sums checked
** using staged installation
** R
** data
*** moving datasets to lazyload DB
** inst
** byte-compile and prepare package for lazy loading
Registered S3 method overwritten by 'cli':
  method     from    
  print.boxx spatstat
** help
*** installing help indices
** building package indices
** installing vignettes
** testing if installed package can be loaded from temporary location
Registered S3 method overwritten by 'cli':
  method     from    
  print.boxx spatstat
** testing if installed package can be loaded from final location
Registered S3 method overwritten by 'cli':
  method     from    
  print.boxx spatstat
** testing if installed package keeps a record of temporary installation path
* DONE (ecospat)
